#
# A fatal error has been detected by the Java Runtime Environment:
#
#  EXCEPTION_ACCESS_VIOLATION (0xc0000005) at pc=0x000000007322c750, pid=48956, tid=14004
#
# JRE version: 6.0_17-b04
# Java VM: Java HotSpot(TM) 64-Bit Server VM (14.3-b01 mixed mode windows-amd64 )
# Problematic frame:
# C  0x000000007322c750
#
# If you would like to submit a bug report, please visit:
#   http://java.sun.com/webapps/bugreport/crash.jsp
# The crash happened outside the Java Virtual Machine in native code.
# See problematic frame for where to report the bug.
#

---------------  T H R E A D  ---------------

Current thread (0x0000000059747800):  JavaThread "AWT-EventQueue-0" [_thread_in_native, id=14004, stack(0x0000000014ec0000,0x0000000014f40000)]

siginfo: ExceptionCode=0xc0000005, reading address 0x0000000000000008

Registers:
EAX=0x000000000000000d, EBX=0x00000000597479b8, ECX=0x0000000000000000, EDX=0xffffffffcf010f98
ESP=0x0000000014f3e278, EBP=0x00000000719d24b0, ESI=0x00000000597479b8, EDI=0x0000000059a7ca10
EIP=0x000000007322c750, EFLAGS=0x0000000000010202

Top of Stack: (sp=0x0000000014f3e278)
0x0000000014f3e278:   00000000731d589c 0000000000000000
0x0000000014f3e288:   00000000597479b8 00000000719d24b0
0x0000000014f3e298:   00000000597479b8 0000000000000018
0x0000000014f3e2a8:   00000000597479b8 0000000030cdb698
0x0000000014f3e2b8:   00000000731b3810 00000000597479b8
0x0000000014f3e2c8:   0000000014f3e970 0000000014f3e948
0x0000000014f3e2d8:   00000000719d24b0 000000003e635f68
0x0000000014f3e2e8:   00000000731d2151 000000003e63de40
0x0000000014f3e2f8:   0000000014f3e950 0000000000000000
0x0000000014f3e308:   0000000014f3e948 0000000000000000
0x0000000014f3e318:   0000000000000001 0000000029d697e4
0x0000000014f3e328:   000000003e635f68 0000000000000000
0x0000000014f3e338:   0000000029d69810 000000002d431fec
0x0000000014f3e348:   0000000014f3e388 000000002da0a748
0x0000000014f3e358:   0000000000000000 000000003e635f68
0x0000000014f3e368:   000000003519c4e8 0000000000000000 

Instructions: (pc=0x000000007322c750)
0x000000007322c740:   48 8b 41 08 48 8b 80 18 0c 00 00 c3 cc cc cc cc
0x000000007322c750:   48 8b 49 08 48 85 c9 74 05 e9 72 f6 fd ff 33 c0 


Stack: [0x0000000014ec0000,0x0000000014f40000],  sp=0x0000000014f3e278,  free space=504k
Native frames: (J=compiled Java code, j=interpreted, Vv=VM code, C=native code)
C  0x000000007322c750

Java frames: (J=compiled Java code, j=interpreted, Vv=VM code)
J  sun.java2d.windows.GDIBlitLoops.nativeBlit(Lsun/java2d/SurfaceData;Lsun/java2d/SurfaceData;Lsun/java2d/pipe/Region;IIIIIIIIIZ)V
J  sun.java2d.windows.GDIBlitLoops.Blit(Lsun/java2d/SurfaceData;Lsun/java2d/SurfaceData;Ljava/awt/Composite;Lsun/java2d/pipe/Region;IIIIII)V
J  sun.java2d.pipe.DrawImage.copyImage(Lsun/java2d/SunGraphics2D;Ljava/awt/Image;IILjava/awt/Color;Ljava/awt/image/ImageObserver;)Z
J  javax.swing.RepaintManager$PaintManager.paintDoubleBuffered(Ljavax/swing/JComponent;Ljava/awt/Image;Ljava/awt/Graphics;IIII)V
J  javax.swing.RepaintManager$PaintManager.paint(Ljavax/swing/JComponent;Ljavax/swing/JComponent;Ljava/awt/Graphics;IIII)Z
j  javax.swing.RepaintManager.paint(Ljavax/swing/JComponent;Ljavax/swing/JComponent;Ljava/awt/Graphics;IIII)V+52
J  javax.swing.JComponent.paint(Ljava/awt/Graphics;)V
j  java.awt.GraphicsCallback$PaintCallback.run(Ljava/awt/Component;Ljava/awt/Graphics;)V+2
j  sun.awt.SunGraphicsCallback.runOneComponent(Ljava/awt/Component;Ljava/awt/Rectangle;Ljava/awt/Graphics;Ljava/awt/Shape;I)V+155
j  sun.awt.SunGraphicsCallback.runComponents([Ljava/awt/Component;Ljava/awt/Graphics;I)V+104
j  java.awt.Container.paint(Ljava/awt/Graphics;)V+73
J  javax.swing.RepaintManager.paintDirtyRegions(Ljava/util/Map;)V
J  javax.swing.SystemEventQueueUtilities$ComponentWorkRequest.run()V
J  java.awt.EventDispatchThread.pumpOneEventForFilters(I)Z
J  java.awt.EventDispatchThread.pumpEventsForFilter(ILjava/awt/Conditional;Ljava/awt/EventFilter;)V
j  java.awt.EventDispatchThread.pumpEventsForHierarchy(ILjava/awt/Conditional;Ljava/awt/Component;)V+11
j  java.awt.EventDispatchThread.pumpEvents(ILjava/awt/Conditional;)V+4
j  java.awt.EventDispatchThread.pumpEvents(Ljava/awt/Conditional;)V+3
j  java.awt.EventDispatchThread.run()V+9
v  ~StubRoutines::call_stub

---------------  P R O C E S S  ---------------

Java Threads: ( => current thread )
  0x000000005974e000 JavaThread "Explorer NavigationContext request queue" [_thread_blocked, id=65156, stack(0x0000000026af0000,0x0000000026b70000)]
  0x0000000059751800 JavaThread "Timer queue for AWT thread" daemon [_thread_blocked, id=46340, stack(0x0000000026c40000,0x0000000026cc0000)]
  0x0000000059753000 JavaThread "Timer-2108" [_thread_blocked, id=66252, stack(0x0000000025690000,0x0000000025710000)]
  0x0000000059753800 JavaThread "Code Analyzer updating thread" [_thread_blocked, id=65012, stack(0x00000000268a0000,0x0000000026920000)]
  0x000000005974b800 JavaThread "pool-8-thread-1" [_thread_blocked, id=42432, stack(0x0000000008540000,0x00000000085c0000)]
  0x000000005974a800 JavaThread "Prefs Updater" daemon [_thread_blocked, id=47480, stack(0x00000000083f0000,0x0000000008470000)]
  0x000000005974e800 JavaThread "Foxtrot Single Worker Thread #1" daemon [_thread_blocked, id=49340, stack(0x0000000008210000,0x0000000008290000)]
  0x0000000059751000 JavaThread "Active Reference Queue Daemon" daemon [_thread_blocked, id=50148, stack(0x000000004cb70000,0x000000004cbf0000)]
  0x000000005974f800 JavaThread "Timer-9" daemon [_thread_blocked, id=49324, stack(0x000000005e190000,0x000000005e210000)]
  0x0000000059750000 JavaThread "Timer-8" daemon [_thread_blocked, id=50168, stack(0x000000005de20000,0x000000005dea0000)]
  0x000000005974c800 JavaThread "AddressBar directory emptiness poller" [_thread_blocked, id=49232, stack(0x000000005c420000,0x000000005c4a0000)]
  0x000000005974b000 JavaThread "Timer-1" [_thread_blocked, id=21928, stack(0x000000005c360000,0x000000005c3e0000)]
  0x0000000059748000 JavaThread "TimerQueue" daemon [_thread_blocked, id=8104, stack(0x000000004ca40000,0x000000004cac0000)]
=>0x0000000059747800 JavaThread "AWT-EventQueue-0" [_thread_in_native, id=14004, stack(0x0000000014ec0000,0x0000000014f40000)]
  0x0000000059746800 JavaThread "AWT-Shutdown" [_thread_blocked, id=13160, stack(0x000000001d1b0000,0x000000001d230000)]
  0x00000000599b5800 JavaThread "FelixPackageAdmin" daemon [_thread_blocked, id=12628, stack(0x000000000ff50000,0x000000000ffd0000)]
  0x00000000599c3000 JavaThread "FelixStartLevel" daemon [_thread_blocked, id=12732, stack(0x000000001d240000,0x000000001d2c0000)]
  0x0000000059aad000 JavaThread "FelixDispatchQueue" daemon [_thread_blocked, id=12660, stack(0x0000000048980000,0x0000000048a00000)]
  0x0000000059393800 JavaThread "com.google.common.base.internal.Finalizer" daemon [_thread_blocked, id=13140, stack(0x0000000019070000,0x00000000190f0000)]
  0x0000000059712800 JavaThread "AWT-Windows" daemon [_thread_in_native, id=13960, stack(0x000000000fc60000,0x000000000fce0000)]
  0x0000000059634000 JavaThread "Java2D Disposer" daemon [_thread_blocked, id=10876, stack(0x000000000fa10000,0x000000000fa90000)]
  0x0000000058fd0800 JavaThread "Timer-0" [_thread_blocked, id=13940, stack(0x000000000f7b0000,0x000000000f830000)]
  0x000000000f6ec800 JavaThread "EventMgr Dispatcher" daemon [_thread_in_native, id=45320, stack(0x0000000010e80000,0x0000000014e80000)]
  0x000000000e746800 JavaThread "Low Memory Detector" daemon [_thread_blocked, id=13884, stack(0x000000000ea70000,0x000000000eaf0000)]
  0x000000000e741000 JavaThread "CompilerThread1" daemon [_thread_blocked, id=13888, stack(0x000000005e300000,0x0000000062300000)]
  0x000000000e738800 JavaThread "CompilerThread0" daemon [_thread_blocked, id=9064, stack(0x0000000054f10000,0x0000000058f10000)]
  0x000000000e6ef000 JavaThread "Attach Listener" daemon [_thread_blocked, id=8152, stack(0x000000000e960000,0x000000000e9e0000)]
  0x000000000e6db000 JavaThread "Finalizer" daemon [_thread_blocked, id=12972, stack(0x000000000e8a0000,0x000000000e920000)]
  0x000000000542b000 JavaThread "Reference Handler" daemon [_thread_blocked, id=13004, stack(0x000000000e9e0000,0x000000000ea60000)]
  0x00000000051ef800 JavaThread "main" [_thread_in_native, id=48528, stack(0x00000000001e0000,0x00000000041e0000)]

Other Threads:
  0x000000000e6d2000 VMThread [stack: 0x0000000050df0000,0x0000000054df0000] [id=13832]
  0x000000000e753000 WatcherThread [stack: 0x0000000063ee0000,0x0000000067ee0000] [id=13936]

VM state:not at safepoint (normal execution)

VM Mutex/Monitor currently owned by a thread: None

Heap
 PSYoungGen      total 42944K, used 18554K [0x000000003d740000, 0x00000000407c0000, 0x0000000040840000)
  eden space 36032K, 42% used [0x000000003d740000,0x000000003e651240,0x000000003fa70000)
  from space 6912K, 45% used [0x000000003fa70000,0x000000003fd7d740,0x0000000040130000)
  to   space 6720K, 0% used [0x0000000040130000,0x0000000040130000,0x00000000407c0000)
 PSOldGen        total 150528K, used 144824K [0x0000000034440000, 0x000000003d740000, 0x000000003d740000)
  object space 150528K, 96% used [0x0000000034440000,0x000000003d1ae048,0x000000003d740000)
 PSPermGen       total 75648K, used 74360K [0x000000002c440000, 0x0000000030e20000, 0x0000000034440000)
  object space 75648K, 98% used [0x000000002c440000,0x0000000030cde0b8,0x0000000030e20000)

Dynamic libraries:
0x000000013f9d0000 - 0x000000013fa02000 	C:\Program Files\MATLAB\R2012a\bin\win64\MATLAB.exe
0x0000000077b70000 - 0x0000000077d18000 	C:\Windows\SYSTEM32\ntdll.dll
0x0000000077950000 - 0x0000000077a6f000 	C:\Windows\system32\kernel32.dll
0x000007fefcd50000 - 0x000007fefcdbc000 	C:\Windows\system32\KERNELBASE.dll
0x0000000074460000 - 0x0000000074554000 	C:\Program Files\MATLAB\R2012a\bin\win64\libut.dll
0x00000000758a0000 - 0x0000000075952000 	C:\Program Files\MATLAB\R2012a\bin\win64\libmwi18n.dll
0x0000000180000000 - 0x000000018000b000 	C:\Program Files\MATLAB\R2012a\bin\win64\libmwresource_core.dll
0x000000006f0f0000 - 0x000000006f1c3000 	C:\Windows\WinSxS\amd64_microsoft.vc90.crt_1fc8b3b9a1e18e3b_9.0.30729.6161_none_08e61857a83bc251\MSVCP90.dll
0x000000006f040000 - 0x000000006f0e3000 	C:\Windows\WinSxS\amd64_microsoft.vc90.crt_1fc8b3b9a1e18e3b_9.0.30729.6161_none_08e61857a83bc251\MSVCR90.dll
0x000000007a170000 - 0x000000007a19c000 	C:\Program Files\MATLAB\R2012a\bin\win64\boost_filesystem-vc90-mt-1_44.dll
0x000000007a560000 - 0x000000007a569000 	C:\Program Files\MATLAB\R2012a\bin\win64\boost_system-vc90-mt-1_44.dll
0x000007fefe0d0000 - 0x000007fefe1ab000 	C:\Windows\system32\ADVAPI32.dll
0x000007fefce40000 - 0x000007fefcedf000 	C:\Windows\system32\msvcrt.dll
0x000007fefcf60000 - 0x000007fefcf7f000 	C:\Windows\SYSTEM32\sechost.dll
0x000007fefeb00000 - 0x000007fefec2d000 	C:\Windows\system32\RPCRT4.dll
0x000000007a010000 - 0x000000007a035000 	C:\Program Files\MATLAB\R2012a\bin\win64\LIBEXPAT.dll
0x000000005da10000 - 0x000000005dc01000 	C:\Program Files\MATLAB\R2012a\bin\win64\icuin44.dll
0x000000005dc90000 - 0x000000005de01000 	C:\Program Files\MATLAB\R2012a\bin\win64\icuuc44.dll
0x0000000010000000 - 0x0000000010e41000 	C:\Program Files\MATLAB\R2012a\bin\win64\icudt44.dll
0x0000000073f70000 - 0x00000000740ad000 	C:\Program Files\MATLAB\R2012a\bin\win64\libmwfl.dll
0x00000000043e0000 - 0x00000000046d6000 	C:\Program Files\MATLAB\R2012a\bin\win64\libmwMATLAB_res.dll
0x000000007a3b0000 - 0x000000007a3c0000 	C:\Program Files\MATLAB\R2012a\bin\win64\boost_date_time-vc90-mt-1_44.dll
0x000000007a250000 - 0x000000007a263000 	C:\Program Files\MATLAB\R2012a\bin\win64\boost_signals-vc90-mt-1_44.dll
0x000000007a2d0000 - 0x000000007a2e2000 	C:\Program Files\MATLAB\R2012a\bin\win64\boost_thread-vc90-mt-1_44.dll
0x00000000041e0000 - 0x0000000004226000 	C:\Program Files\MATLAB\R2012a\bin\win64\tbb.dll
0x000007fefd140000 - 0x000007fefd159000 	C:\Windows\system32\imagehlp.dll
0x0000000077d40000 - 0x0000000077d47000 	C:\Windows\system32\PSAPI.DLL
0x0000000073d00000 - 0x0000000073d13000 	C:\Program Files\MATLAB\R2012a\bin\win64\icuio44.dll
0x000007fef4fd0000 - 0x000007fef50f5000 	C:\Windows\system32\dbghelp.dll
0x0000000077a70000 - 0x0000000077b6a000 	C:\Windows\system32\USER32.dll
0x000007fefd0c0000 - 0x000007fefd127000 	C:\Windows\system32\GDI32.dll
0x000007fefe9c0000 - 0x000007fefe9ce000 	C:\Windows\system32\LPK.dll
0x000007fefe8f0000 - 0x000007fefe9b9000 	C:\Windows\system32\USP10.dll
0x000000007bed0000 - 0x000000007c183000 	C:\Program Files\MATLAB\R2012a\bin\win64\libmwservices.dll
0x0000000075a20000 - 0x0000000075ae2000 	C:\Program Files\MATLAB\R2012a\bin\win64\libmx.dll
0x000000007a210000 - 0x000000007a228000 	C:\Program Files\MATLAB\R2012a\bin\win64\zlib1.dll
0x0000000004250000 - 0x0000000004271000 	C:\Program Files\MATLAB\R2012a\bin\win64\libmwmfl_scalar.dll
0x0000000075f10000 - 0x0000000075f5d000 	C:\Program Files\MATLAB\R2012a\bin\win64\mpath.dll
0x000000007b680000 - 0x000000007bbe1000 	C:\Program Files\MATLAB\R2012a\bin\win64\mlutil.dll
0x0000000068200000 - 0x000000006827f000 	C:\Program Files\MATLAB\R2012a\bin\win64\xmlcore.dll
0x000000007bc30000 - 0x000000007be83000 	C:\Program Files\MATLAB\R2012a\bin\win64\xerces-c_2_7.dll
0x000007fefe250000 - 0x000007fefe29d000 	C:\Windows\system32\WS2_32.dll
0x000007fefd130000 - 0x000007fefd138000 	C:\Windows\system32\NSI.dll
0x00000000046e0000 - 0x00000000046fa000 	C:\Program Files\MATLAB\R2012a\bin\win64\libmwMATLAB_settings_res.dll
0x0000000004700000 - 0x0000000004747000 	C:\Program Files\MATLAB\R2012a\bin\win64\boost_serialization-vc90-mt-1_44.dll
0x000007fefd340000 - 0x000007fefe0c9000 	C:\Windows\system32\SHELL32.dll
0x000007fefcee0000 - 0x000007fefcf51000 	C:\Windows\system32\SHLWAPI.dll
0x000007fef0de0000 - 0x000007fef0e80000 	C:\Windows\WinSxS\amd64_microsoft.windows.common-controls_6595b64144ccf1df_5.82.7601.18201_none_a4d3b9377117c3df\COMCTL32.dll
0x000007fefe5f0000 - 0x000007fefe687000 	C:\Windows\system32\COMDLG32.dll
0x000007fefa150000 - 0x000007fefa166000 	C:\Windows\system32\NETAPI32.dll
0x000007fefa140000 - 0x000007fefa14c000 	C:\Windows\system32\netutils.dll
0x000007fefc750000 - 0x000007fefc773000 	C:\Windows\system32\srvcli.dll
0x000007fefa120000 - 0x000007fefa135000 	C:\Windows\system32\wkscli.dll
0x000007fefe2a0000 - 0x000007fefe4a3000 	C:\Windows\system32\ole32.dll
0x000007fefe510000 - 0x000007fefe5e7000 	C:\Windows\system32\OLEAUT32.dll
0x0000000074970000 - 0x0000000074b06000 	C:\Program Files\MATLAB\R2012a\bin\win64\mcr.dll
0x0000000075000000 - 0x000000007536b000 	C:\Program Files\MATLAB\R2012a\bin\win64\iqm.dll
0x000000005d1e0000 - 0x000000005da01000 	C:\Program Files\MATLAB\R2012a\bin\win64\m_interpreter.dll
0x000000006d550000 - 0x000000006d575000 	C:\Program Files\MATLAB\R2012a\bin\win64\libmex.dll
0x0000000067fa0000 - 0x0000000068053000 	C:\Program Files\MATLAB\R2012a\bin\win64\m_dispatcher.dll
0x0000000074880000 - 0x000000007496d000 	C:\Program Files\MATLAB\R2012a\bin\win64\boost_regex-vc90-mt-1_44.dll
0x00000000627d0000 - 0x0000000062854000 	C:\Program Files\MATLAB\R2012a\bin\win64\profiler.dll
0x00000000047d0000 - 0x0000000004a25000 	C:\Program Files\MATLAB\R2012a\bin\win64\libmwmathutil.dll
0x0000000079f40000 - 0x0000000079f6d000 	C:\Program Files\MATLAB\R2012a\bin\win64\libmwmathrng.dll
0x0000000074c10000 - 0x0000000074ced000 	C:\Program Files\MATLAB\R2012a\bin\win64\libmwmathcore.dll
0x0000000076160000 - 0x00000000761cb000 	C:\Program Files\MATLAB\R2012a\bin\win64\libmwspmatrix.dll
0x0000000075ea0000 - 0x0000000075f02000 	C:\Program Files\MATLAB\R2012a\bin\win64\libmwcholmod.dll
0x000000007a460000 - 0x000000007a46d000 	C:\Program Files\MATLAB\R2012a\bin\win64\libmwamd.dll
0x000000007a4b0000 - 0x000000007a4bc000 	C:\Program Files\MATLAB\R2012a\bin\win64\libmwcolamd.dll
0x0000000074850000 - 0x0000000074869000 	C:\Program Files\MATLAB\R2012a\bin\win64\libmwblas.dll
0x000000006d5c0000 - 0x000000006d5d2000 	C:\Program Files\MATLAB\R2012a\bin\win64\libmwbinder.dll
0x00000000738c0000 - 0x00000000738cb000 	C:\Program Files\MATLAB\R2012a\bin\win64\libmwompwrapper.dll
0x0000000062740000 - 0x00000000627c6000 	C:\Program Files\MATLAB\R2012a\bin\win64\libmwlapack.dll
0x000000006d520000 - 0x000000006d541000 	C:\Program Files\MATLAB\R2012a\bin\win64\m_pcodeio.dll
0x0000000079b10000 - 0x0000000079b77000 	C:\Program Files\MATLAB\R2012a\bin\win64\m_ir.dll
0x000000005cb90000 - 0x000000005d1e0000 	C:\Program Files\MATLAB\R2012a\bin\win64\m_parser.dll
0x000000006eb70000 - 0x000000006eb8a000 	C:\Program Files\MATLAB\R2012a\bin\win64\ir_xfmr.dll
0x000000005c910000 - 0x000000005cb89000 	C:\Program Files\MATLAB\R2012a\bin\win64\mcos.dll
0x00000000739c0000 - 0x00000000739cc000 	C:\Program Files\MATLAB\R2012a\bin\win64\mtok.dll
0x00000000692d0000 - 0x0000000069301000 	C:\Program Files\MATLAB\R2012a\bin\win64\m_pcodegen.dll
0x0000000079fb0000 - 0x0000000079fe7000 	C:\Program Files\MATLAB\R2012a\bin\win64\libmwbridge.dll
0x000000005e080000 - 0x000000005e148000 	C:\Program Files\MATLAB\R2012a\bin\win64\udd.dll
0x000000005c7b0000 - 0x000000005c902000 	C:\Program Files\MATLAB\R2012a\bin\win64\libmwgui.dll
0x000000006d500000 - 0x000000006d517000 	C:\Program Files\MATLAB\R2012a\bin\win64\graphics_util.dll
0x000000005b760000 - 0x000000005c103000 	C:\Program Files\MATLAB\R2012a\bin\win64\hg.dll
0x0000000004ba0000 - 0x0000000004c07000 	C:\Program Files\MATLAB\R2012a\bin\win64\libmat.dll
0x0000000072d30000 - 0x0000000072f44000 	C:\Program Files\MATLAB\R2012a\bin\win64\hdf5dll.dll
0x0000000075710000 - 0x00000000757c1000 	C:\Program Files\MATLAB\R2012a\bin\win64\jmi.dll
0x0000000004c40000 - 0x0000000004c4e000 	C:\Program Files\MATLAB\R2012a\bin\win64\nativejava_services.dll
0x00000000681b0000 - 0x00000000681f2000 	C:\Program Files\MATLAB\R2012a\bin\win64\libmwhardcopy.dll
0x0000000063ca0000 - 0x0000000063cfa000 	C:\Program Files\MATLAB\R2012a\bin\win64\libuij.dll
0x000000005b550000 - 0x000000005b75c000 	C:\Program Files\MATLAB\R2012a\bin\win64\hgdatatypes.dll
0x000000005c6b0000 - 0x000000005c7ad000 	C:\Program Files\MATLAB\R2012a\bin\win64\hgutils.dll
0x000000005dfc0000 - 0x000000005e07d000 	C:\Program Files\MATLAB\R2012a\bin\win64\udd_mi.dll
0x0000000004cb0000 - 0x0000000004ceb000 	C:\Program Files\MATLAB\R2012a\bin\win64\libmwgbtutils.dll
0x0000000004d00000 - 0x0000000004d19000 	C:\Program Files\MATLAB\R2012a\bin\win64\libmwgbt.dll
0x0000000004d30000 - 0x0000000004ffa000 	C:\Program Files\MATLAB\R2012a\bin\win64\uiw.dll
0x000000006ec00000 - 0x000000006ec0f000 	C:\Program Files\MATLAB\R2012a\bin\win64\uinone.dll
0x000007fef1c00000 - 0x000007fef1c18000 	C:\Windows\system32\MPR.dll
0x000000005b060000 - 0x000000005b544000 	C:\Windows\WinSxS\amd64_microsoft.vc90.mfc_1fc8b3b9a1e18e3b_9.0.30729.6161_none_044aad0bab1eb146\mfc90.dll
0x000007fefbd60000 - 0x000007fefbd67000 	C:\Windows\system32\MSIMG32.dll
0x000007fefa2b0000 - 0x000007fefa321000 	C:\Windows\system32\WINSPOOL.DRV
0x00000000692b0000 - 0x00000000692d0000 	C:\Program Files\MATLAB\R2012a\bin\win64\mwoles05.DLL
0x000000005dc10000 - 0x000000005dc8c000 	C:\Program Files\MATLAB\R2012a\bin\win64\comcli.dll
0x0000000067f70000 - 0x0000000067f9f000 	C:\Windows\WinSxS\amd64_microsoft.vc90.atl_1fc8b3b9a1e18e3b_9.0.30729.6161_none_0a1fd3a3a768b895\ATL90.DLL
0x000000006e790000 - 0x000000006e79c000 	C:\Program Files\MATLAB\R2012a\bin\win64\mlautoregister.dll
0x0000000005050000 - 0x0000000005060000 	C:\Program Files\MATLAB\R2012a\bin\win64\boost_iostreams-vc90-mt-1_44.dll
0x000007fefc880000 - 0x000007fefc8d7000 	C:\Windows\system32\apphelp.dll
0x000007fef5240000 - 0x000007fef5291000 	C:\Windows\AppPatch\AppPatch64\AcGenral.DLL
0x000007fefc850000 - 0x000007fefc875000 	C:\Windows\system32\SspiCli.dll
0x0000000070c30000 - 0x0000000070c33000 	C:\Windows\system32\sfc.dll
0x000007fef87d0000 - 0x000007fef87e0000 	C:\Windows\system32\sfc_os.DLL
0x000007fefb950000 - 0x000007fefb96e000 	C:\Windows\system32\USERENV.dll
0x000007fefc9b0000 - 0x000007fefc9bf000 	C:\Windows\system32\profapi.dll
0x000007fefac40000 - 0x000007fefac58000 	C:\Windows\system32\dwmapi.dll
0x000007fefd090000 - 0x000007fefd0be000 	C:\Windows\system32\IMM32.DLL
0x000007fefcf80000 - 0x000007fefd089000 	C:\Windows\system32\MSCTF.dll
0x000007fefaf20000 - 0x000007fefaf76000 	C:\Windows\system32\UxTheme.dll
0x000000006d5b0000 - 0x000000006d5bd000 	C:\Windows\WinSxS\amd64_microsoft.vc90.mfcloc_1fc8b3b9a1e18e3b_9.0.30729.6161_none_01c9581e60cbee58\MFC90ENU.DLL
0x000007fef78e0000 - 0x000007fef796d000 	C:\Program Files (x86)\AVG\AVG2015\avghooka.dll
0x0000000005550000 - 0x0000000005579000 	C:\Program Files\MATLAB\R2012a\bin\win64\tbbmalloc.dll
0x0000000078870000 - 0x0000000078ecd000 	C:\Program Files\MATLAB\R2012a\sys\java\jre\win64\jre\bin\server\jvm.dll
0x000007fefa990000 - 0x000007fefa9cb000 	C:\Windows\system32\WINMM.dll
0x000007fefb810000 - 0x000007fefb837000 	C:\Windows\system32\iphlpapi.dll
0x000007fefb800000 - 0x000007fefb80b000 	C:\Windows\system32\WINNSI.DLL
0x000007fefc070000 - 0x000007fefc0cb000 	C:\Windows\system32\DNSAPI.dll
0x000007fef9ce0000 - 0x000007fef9cf8000 	C:\Windows\system32\dhcpcsvc.DLL
0x000007fef9cc0000 - 0x000007fef9cd1000 	C:\Windows\system32\dhcpcsvc6.DLL

VM Arguments:
jvm_args: -Xss512k -XX:PermSize=32m -Xms64m -XX:NewRatio=3 -XX:MaxPermSize=128m -Xmx196m -XX:MaxDirectMemorySize=2147400000 -Dsun.java2d.noddraw=true -Dsun.awt.nopixfmt=true -Xshare:off -Xrs -Dsun.awt.disableMixing=true -Djava.library.path=C:\Program Files\MATLAB\R2012a\bin\win64 vfprintf abort 
java_command: <unknown>
Launcher Type: generic

Environment Variables:
CLASSPATH=.;C:\Program Files (x86)\QuickTime\QTSystem\QTJava.zip
PATH=C:\Program Files\Broadcom\Broadcom 802.11 Network Adapter\Driver;;C:\Program Files\Common Files\Microsoft Shared\Windows Live;C:\Program Files (x86)\Common Files\Microsoft Shared\Windows Live;C:\Program Files (x86)\Intel\iCLS Client\;C:\Program Files\Intel\iCLS Client\;C:\Windows\system32;C:\Windows;C:\Windows\System32\Wbem;C:\Windows\System32\WindowsPowerShell\v1.0\;C:\Program Files\Intel\Intel(R) Management Engine Components\DAL;C:\Program Files\Intel\Intel(R) Management Engine Components\IPT;C:\Program Files (x86)\Intel\Intel(R) Management Engine Components\DAL;C:\Program Files (x86)\Intel\Intel(R) Management Engine Components\IPT;C:\Program Files\Lenovo\Bluetooth Software\;C:\Program Files\Lenovo\Bluetooth Software\syswow64;C:\Program Files\Diskeeper Corporation\ExpressCache\;C:\Program Files\Common Files\Lenovo;C:\Program Files (x86)\Windows Live\Shared;C:\SWTOOLS\ReadyApps;C:\Program Files (x86)\Symantec\VIP Access Client\;C:\Program Files (x86)\Common Files\Lenovo;C:\Program Files\MATLAB\R2012a\runtime\win64;C:\Program Files\MATLAB\R2012a\bin;C:\Program Files\MiKTeX 2.9\miktex\bin\x64\;C:\Program Files (x86)\Git\cmd;C:\Program Files (x86)\Intel\OpenCL SDK\2.0\bin\x86;C:\Program Files (x86)\Intel\OpenCL SDK\2.0\bin\x64;C:\Program Files\Microsoft Windows Performance Toolkit\;C:\Program Files (x86)\QuickTime\QTSystem\;C:\Program Files (x86)\nodejs\;C:\Program Files (x86)\Heroku\bin;C:\Program Files (x86)\git\cmd;C:\Program Files\PostgreSQL\9.3\bin;C:\curl;C:\MinGW\bin;C:\Program Files (x86)\Skype\Phone\;C:\Users\Max Yi Ren\AppData\Roaming\npm;C:\Program Files (x86)\SSH Communications Security\SSH Secure Shell
USERNAME=Max Yi Ren
OS=Windows_NT
PROCESSOR_IDENTIFIER=Intel64 Family 6 Model 58 Stepping 9, GenuineIntel



---------------  S Y S T E M  ---------------

OS: Windows 7 Build 7601 Service Pack 1

CPU:total 4 (8 cores per cpu, 2 threads per core) family 6 model 58 stepping 9, cmov, cx8, fxsr, mmx, sse, sse2, sse3, ssse3, sse4.1, sse4.2, ht

Memory: 4k page, physical 8104172k(1183504k free), swap 21973212k(6976148k free)

vm_info: Java HotSpot(TM) 64-Bit Server VM (14.3-b01) for windows-amd64 JRE (1.6.0_17-b04), built on Oct 11 2009 00:46:08 by "java_re" with MS VC++ 8.0

time: Tue Apr 28 17:15:01 2015
elapsed time: 99564 seconds

