#
# A fatal error has been detected by the Java Runtime Environment:
#
#  EXCEPTION_ACCESS_VIOLATION (0xc0000005) at pc=0x000000007322c750, pid=94012, tid=94456
#
# JRE version: 6.0_17-b04
# Java VM: Java HotSpot(TM) 64-Bit Server VM (14.3-b01 mixed mode windows-amd64 )
# Problematic frame:
# C  0x000000007322c750
#
# If you would like to submit a bug report, please visit:
#   http://java.sun.com/webapps/bugreport/crash.jsp
# The crash happened outside the Java Virtual Machine in native code.
# See problematic frame for where to report the bug.
#

---------------  T H R E A D  ---------------

Current thread (0x0000000055a09000):  JavaThread "AWT-EventQueue-0" [_thread_in_native, id=94456, stack(0x000000000fb10000,0x000000000fb90000)]

siginfo: ExceptionCode=0xc0000005, reading address 0x0000000000000008

Registers:
EAX=0x000000000000000d, EBX=0x0000000055a091b8, ECX=0x0000000000000000, EDX=0xffffffffab0111ee
ESP=0x000000000fb8dc78, EBP=0x000000005c96e680, ESI=0x0000000055a091b8, EDI=0x000000005c25d920
EIP=0x000000007322c750, EFLAGS=0x0000000000010202

Top of Stack: (sp=0x000000000fb8dc78)
0x000000000fb8dc78:   00000000731d589c 0000000000000000
0x000000000fb8dc88:   0000000055a091b8 000000005c96e680
0x000000000fb8dc98:   0000000055a091b8 0000000000000000
0x000000000fb8dca8:   0000000055a091b8 000000002eb2cfc0
0x000000000fb8dcb8:   00000000731b3810 0000000055a091b8
0x000000000fb8dcc8:   000000000fb8e398 000000000fb8e410
0x000000000fb8dcd8:   000000005c96e680 00000000295d5f9c
0x000000000fb8dce8:   00000000731d2151 0000000000000053
0x000000000fb8dcf8:   000000000fb8e408 000000003fa589c0
0x000000000fb8dd08:   000000000fb8e410 00000000353b2030
0x000000000fb8dd18:   00000000353b2538 000000000fb8dd20
0x000000000fb8dd28:   000000002cf3a7fe 000000000fb8dd80
0x000000000fb8dd38:   000000002d1bc138 000000002fed6c40
0x000000000fb8dd48:   000000002cf3a808 0000000000000000
0x000000000fb8dd58:   000000000fb8dd90 0000000000000000
0x000000000fb8dd68:   00000000299b7474 00000000353b2538 

Instructions: (pc=0x000000007322c750)
0x000000007322c740:   48 8b 41 08 48 8b 80 18 0c 00 00 c3 cc cc cc cc
0x000000007322c750:   48 8b 49 08 48 85 c9 74 05 e9 72 f6 fd ff 33 c0 


Stack: [0x000000000fb10000,0x000000000fb90000],  sp=0x000000000fb8dc78,  free space=503k
Native frames: (J=compiled Java code, j=interpreted, Vv=VM code, C=native code)
C  0x000000007322c750

Java frames: (J=compiled Java code, j=interpreted, Vv=VM code)
j  sun.java2d.windows.GDIBlitLoops.nativeBlit(Lsun/java2d/SurfaceData;Lsun/java2d/SurfaceData;Lsun/java2d/pipe/Region;IIIIIIIIIZ)V+0
j  sun.java2d.windows.GDIBlitLoops.Blit(Lsun/java2d/SurfaceData;Lsun/java2d/SurfaceData;Ljava/awt/Composite;Lsun/java2d/pipe/Region;IIIIII)V+33
J  sun.java2d.pipe.DrawImage.copyImage(Lsun/java2d/SunGraphics2D;Ljava/awt/Image;IILjava/awt/Color;Ljava/awt/image/ImageObserver;)Z
J  sun.java2d.SunGraphics2D.drawImage(Ljava/awt/Image;IILjava/awt/Color;Ljava/awt/image/ImageObserver;)Z
J  javax.swing.RepaintManager$PaintManager.paintDoubleBuffered(Ljavax/swing/JComponent;Ljava/awt/Image;Ljava/awt/Graphics;IIII)V
j  javax.swing.RepaintManager$PaintManager.paint(Ljavax/swing/JComponent;Ljavax/swing/JComponent;Ljava/awt/Graphics;IIII)Z+116
j  javax.swing.RepaintManager.paint(Ljavax/swing/JComponent;Ljavax/swing/JComponent;Ljava/awt/Graphics;IIII)V+52
J  javax.swing.JComponent.paint(Ljava/awt/Graphics;)V
j  java.awt.GraphicsCallback$PaintCallback.run(Ljava/awt/Component;Ljava/awt/Graphics;)V+2
j  sun.awt.SunGraphicsCallback.runOneComponent(Ljava/awt/Component;Ljava/awt/Rectangle;Ljava/awt/Graphics;Ljava/awt/Shape;I)V+155
j  sun.awt.SunGraphicsCallback.runComponents([Ljava/awt/Component;Ljava/awt/Graphics;I)V+104
j  java.awt.Container.paint(Ljava/awt/Graphics;)V+73
J  javax.swing.RepaintManager.paintDirtyRegions(Ljava/util/Map;)V
j  javax.swing.RepaintManager.paintDirtyRegions()V+46
j  javax.swing.RepaintManager.seqPaintDirtyRegions()V+73
j  javax.swing.SystemEventQueueUtilities$ComponentWorkRequest.run()V+36
j  java.awt.event.InvocationEvent.dispatch()V+47
J  java.awt.EventDispatchThread.pumpOneEventForFilters(I)Z
J  java.awt.EventDispatchThread.pumpEventsForFilter(ILjava/awt/Conditional;Ljava/awt/EventFilter;)V
j  java.awt.EventDispatchThread.pumpEventsForHierarchy(ILjava/awt/Conditional;Ljava/awt/Component;)V+11
j  java.awt.EventDispatchThread.pumpEvents(ILjava/awt/Conditional;)V+4
j  java.awt.EventDispatchThread.pumpEvents(Ljava/awt/Conditional;)V+3
j  java.awt.EventDispatchThread.run()V+9
v  ~StubRoutines::call_stub

---------------  P R O C E S S  ---------------

Java Threads: ( => current thread )
  0x0000000055a0d000 JavaThread "FileDecorationCache request queue" [_thread_blocked, id=168316, stack(0x000000000ff80000,0x0000000010000000)]
  0x0000000055a11800 JavaThread "Image Fetcher 0" daemon [_thread_blocked, id=168556, stack(0x0000000025580000,0x0000000025600000)]
  0x0000000055a13000 JavaThread "Explorer NavigationContext request queue" [_thread_blocked, id=161832, stack(0x0000000019230000,0x00000000192b0000)]
  0x0000000055a16800 JavaThread "Code Analyzer updating thread" [_thread_blocked, id=135560, stack(0x0000000025be0000,0x0000000025c60000)]
  0x0000000055a11000 JavaThread "Code Analyzer updating thread" [_thread_blocked, id=125244, stack(0x0000000025ab0000,0x0000000025b30000)]
  0x0000000055a13800 JavaThread "Code Analyzer updating thread" [_thread_blocked, id=115876, stack(0x00000000256e0000,0x0000000025760000)]
  0x0000000055a0b000 JavaThread "Prefs Updater" daemon [_thread_blocked, id=92020, stack(0x00000000268b0000,0x0000000026930000)]
  0x0000000055a0e800 JavaThread "Active Reference Queue Daemon" daemon [_thread_blocked, id=86456, stack(0x0000000044b70000,0x0000000044bf0000)]
  0x0000000055a0f800 JavaThread "Timer-9" daemon [_thread_blocked, id=93252, stack(0x0000000048d40000,0x0000000048dc0000)]
  0x0000000055a10000 JavaThread "Timer-8" daemon [_thread_blocked, id=91324, stack(0x0000000019180000,0x0000000019200000)]
  0x0000000055a0c000 JavaThread "AddressBar directory emptiness poller" [_thread_blocked, id=94484, stack(0x00000000254e0000,0x0000000025560000)]
  0x0000000055a0a800 JavaThread "Timer-1" [_thread_blocked, id=94580, stack(0x0000000021350000,0x00000000213d0000)]
  0x0000000055a09800 JavaThread "TimerQueue" daemon [_thread_blocked, id=84896, stack(0x0000000009120000,0x00000000091a0000)]
=>0x0000000055a09000 JavaThread "AWT-EventQueue-0" [_thread_in_native, id=94456, stack(0x000000000fb10000,0x000000000fb90000)]
  0x0000000055a08000 JavaThread "AWT-Shutdown" [_thread_blocked, id=91904, stack(0x000000000f9a0000,0x000000000fa20000)]
  0x0000000055a07800 JavaThread "FelixPackageAdmin" daemon [_thread_blocked, id=94360, stack(0x000000000f590000,0x000000000f610000)]
  0x0000000055654000 JavaThread "FelixStartLevel" daemon [_thread_blocked, id=95152, stack(0x000000000f890000,0x000000000f910000)]
  0x00000000557ab800 JavaThread "FelixDispatchQueue" daemon [_thread_blocked, id=89300, stack(0x000000000fa60000,0x000000000fae0000)]
  0x00000000558b8800 JavaThread "com.google.common.base.internal.Finalizer" daemon [_thread_blocked, id=82848, stack(0x000000000f4d0000,0x000000000f550000)]
  0x00000000557c5800 JavaThread "AWT-Windows" daemon [_thread_in_native, id=95040, stack(0x000000000de20000,0x000000000dea0000)]
  0x00000000555d8800 JavaThread "Java2D Disposer" daemon [_thread_blocked, id=94296, stack(0x0000000008db0000,0x0000000008e30000)]
  0x00000000551b2000 JavaThread "Timer-0" [_thread_blocked, id=86888, stack(0x0000000008a90000,0x0000000008b10000)]
  0x000000000f2b1800 JavaThread "EventMgr Dispatcher" daemon [_thread_in_native, id=94944, stack(0x0000000010fe0000,0x0000000014fe0000)]
  0x0000000008154800 JavaThread "Low Memory Detector" daemon [_thread_blocked, id=85808, stack(0x0000000008250000,0x00000000082d0000)]
  0x000000000814b000 JavaThread "CompilerThread1" daemon [_thread_blocked, id=91180, stack(0x0000000061fe0000,0x0000000065fe0000)]
  0x0000000008148800 JavaThread "CompilerThread0" daemon [_thread_blocked, id=94940, stack(0x000000005de20000,0x0000000061e20000)]
  0x00000000080ff000 JavaThread "Attach Listener" daemon [_thread_blocked, id=91908, stack(0x00000000085b0000,0x0000000008630000)]
  0x00000000080eb000 JavaThread "Finalizer" daemon [_thread_blocked, id=93412, stack(0x0000000008360000,0x00000000083e0000)]
  0x000000000559b000 JavaThread "Reference Handler" daemon [_thread_blocked, id=94800, stack(0x0000000008410000,0x0000000008490000)]
  0x00000000055cf800 JavaThread "main" [_thread_in_native, id=65352, stack(0x00000000000e0000,0x00000000040e0000)]

Other Threads:
  0x00000000080e2000 VMThread [stack: 0x0000000051080000,0x0000000055080000] [id=95184]
  0x000000000815a800 WatcherThread [stack: 0x00000000698b0000,0x000000006d8b0000] [id=92944]

VM state:not at safepoint (normal execution)

VM Mutex/Monitor currently owned by a thread: None

Heap
 PSYoungGen      total 49792K, used 45485K [0x000000003d8d0000, 0x00000000409b0000, 0x00000000409d0000)
  eden space 49664K, 91% used [0x000000003d8d0000,0x000000004051b490,0x0000000040950000)
  from space 128K, 100% used [0x0000000040950000,0x0000000040970000,0x0000000040970000)
  to   space 192K, 0% used [0x0000000040980000,0x0000000040980000,0x00000000409b0000)
 PSOldGen        total 150528K, used 144404K [0x00000000345d0000, 0x000000003d8d0000, 0x000000003d8d0000)
  object space 150528K, 95% used [0x00000000345d0000,0x000000003d2d5328,0x000000003d8d0000)
 PSPermGen       total 98240K, used 60019K [0x000000002c5d0000, 0x00000000325c0000, 0x00000000345d0000)
  object space 98240K, 61% used [0x000000002c5d0000,0x000000003006cdc0,0x00000000325c0000)

Dynamic libraries:
0x000000013fce0000 - 0x000000013fd12000 	C:\Program Files\MATLAB\R2012a\bin\win64\MATLAB.exe
0x0000000077b70000 - 0x0000000077d18000 	C:\Windows\SYSTEM32\ntdll.dll
0x0000000077950000 - 0x0000000077a6f000 	C:\Windows\system32\kernel32.dll
0x000007fefcd50000 - 0x000007fefcdbc000 	C:\Windows\system32\KERNELBASE.dll
0x0000000074460000 - 0x0000000074554000 	C:\Program Files\MATLAB\R2012a\bin\win64\libut.dll
0x00000000758a0000 - 0x0000000075952000 	C:\Program Files\MATLAB\R2012a\bin\win64\libmwi18n.dll
0x0000000180000000 - 0x000000018000b000 	C:\Program Files\MATLAB\R2012a\bin\win64\libmwresource_core.dll
0x000000006f0f0000 - 0x000000006f1c3000 	C:\Windows\WinSxS\amd64_microsoft.vc90.crt_1fc8b3b9a1e18e3b_9.0.30729.6161_none_08e61857a83bc251\MSVCP90.dll
0x000000006f040000 - 0x000000006f0e3000 	C:\Windows\WinSxS\amd64_microsoft.vc90.crt_1fc8b3b9a1e18e3b_9.0.30729.6161_none_08e61857a83bc251\MSVCR90.dll
0x000000007a170000 - 0x000000007a19c000 	C:\Program Files\MATLAB\R2012a\bin\win64\boost_filesystem-vc90-mt-1_44.dll
0x000000007a560000 - 0x000000007a569000 	C:\Program Files\MATLAB\R2012a\bin\win64\boost_system-vc90-mt-1_44.dll
0x000007fefe0d0000 - 0x000007fefe1ab000 	C:\Windows\system32\ADVAPI32.dll
0x000007fefce40000 - 0x000007fefcedf000 	C:\Windows\system32\msvcrt.dll
0x000007fefcf60000 - 0x000007fefcf7f000 	C:\Windows\SYSTEM32\sechost.dll
0x000007fefeb00000 - 0x000007fefec2d000 	C:\Windows\system32\RPCRT4.dll
0x000000007a010000 - 0x000000007a035000 	C:\Program Files\MATLAB\R2012a\bin\win64\LIBEXPAT.dll
0x000000006ee40000 - 0x000000006f031000 	C:\Program Files\MATLAB\R2012a\bin\win64\icuin44.dll
0x000000006ecb0000 - 0x000000006ee21000 	C:\Program Files\MATLAB\R2012a\bin\win64\icuuc44.dll
0x0000000010000000 - 0x0000000010e41000 	C:\Program Files\MATLAB\R2012a\bin\win64\icudt44.dll
0x0000000073f70000 - 0x00000000740ad000 	C:\Program Files\MATLAB\R2012a\bin\win64\libmwfl.dll
0x0000000004310000 - 0x0000000004606000 	C:\Program Files\MATLAB\R2012a\bin\win64\libmwMATLAB_res.dll
0x000000007a3b0000 - 0x000000007a3c0000 	C:\Program Files\MATLAB\R2012a\bin\win64\boost_date_time-vc90-mt-1_44.dll
0x000000007a250000 - 0x000000007a263000 	C:\Program Files\MATLAB\R2012a\bin\win64\boost_signals-vc90-mt-1_44.dll
0x000000007a2d0000 - 0x000000007a2e2000 	C:\Program Files\MATLAB\R2012a\bin\win64\boost_thread-vc90-mt-1_44.dll
0x00000000041b0000 - 0x00000000041f6000 	C:\Program Files\MATLAB\R2012a\bin\win64\tbb.dll
0x000007fefd140000 - 0x000007fefd159000 	C:\Windows\system32\imagehlp.dll
0x0000000077d40000 - 0x0000000077d47000 	C:\Windows\system32\PSAPI.DLL
0x0000000074920000 - 0x0000000074933000 	C:\Program Files\MATLAB\R2012a\bin\win64\icuio44.dll
0x000007fef4fd0000 - 0x000007fef50f5000 	C:\Windows\system32\dbghelp.dll
0x0000000077a70000 - 0x0000000077b6a000 	C:\Windows\system32\USER32.dll
0x000007fefd0c0000 - 0x000007fefd127000 	C:\Windows\system32\GDI32.dll
0x000007fefe9c0000 - 0x000007fefe9ce000 	C:\Windows\system32\LPK.dll
0x000007fefe8f0000 - 0x000007fefe9b9000 	C:\Windows\system32\USP10.dll
0x000000007bed0000 - 0x000000007c183000 	C:\Program Files\MATLAB\R2012a\bin\win64\libmwservices.dll
0x0000000075a20000 - 0x0000000075ae2000 	C:\Program Files\MATLAB\R2012a\bin\win64\libmx.dll
0x000000007a210000 - 0x000000007a228000 	C:\Program Files\MATLAB\R2012a\bin\win64\zlib1.dll
0x0000000004650000 - 0x0000000004671000 	C:\Program Files\MATLAB\R2012a\bin\win64\libmwmfl_scalar.dll
0x0000000075f10000 - 0x0000000075f5d000 	C:\Program Files\MATLAB\R2012a\bin\win64\mpath.dll
0x000000007b680000 - 0x000000007bbe1000 	C:\Program Files\MATLAB\R2012a\bin\win64\mlutil.dll
0x0000000071480000 - 0x00000000714ff000 	C:\Program Files\MATLAB\R2012a\bin\win64\xmlcore.dll
0x000000007bc30000 - 0x000000007be83000 	C:\Program Files\MATLAB\R2012a\bin\win64\xerces-c_2_7.dll
0x000007fefe250000 - 0x000007fefe29d000 	C:\Windows\system32\WS2_32.dll
0x000007fefd130000 - 0x000007fefd138000 	C:\Windows\system32\NSI.dll
0x00000000046d0000 - 0x00000000046ea000 	C:\Program Files\MATLAB\R2012a\bin\win64\libmwMATLAB_settings_res.dll
0x0000000004700000 - 0x0000000004747000 	C:\Program Files\MATLAB\R2012a\bin\win64\boost_serialization-vc90-mt-1_44.dll
0x000007fefd340000 - 0x000007fefe0c9000 	C:\Windows\system32\SHELL32.dll
0x000007fefcee0000 - 0x000007fefcf51000 	C:\Windows\system32\SHLWAPI.dll
0x000007fef0de0000 - 0x000007fef0e80000 	C:\Windows\WinSxS\amd64_microsoft.windows.common-controls_6595b64144ccf1df_5.82.7601.18201_none_a4d3b9377117c3df\COMCTL32.dll
0x000007fefe5f0000 - 0x000007fefe687000 	C:\Windows\system32\COMDLG32.dll
0x000007fefa150000 - 0x000007fefa166000 	C:\Windows\system32\NETAPI32.dll
0x000007fefa140000 - 0x000007fefa14c000 	C:\Windows\system32\netutils.dll
0x000007fefc750000 - 0x000007fefc773000 	C:\Windows\system32\srvcli.dll
0x000007fefa120000 - 0x000007fefa135000 	C:\Windows\system32\wkscli.dll
0x000007fefe2a0000 - 0x000007fefe4a3000 	C:\Windows\system32\ole32.dll
0x000007fefe510000 - 0x000007fefe5e7000 	C:\Windows\system32\OLEAUT32.dll
0x0000000074970000 - 0x0000000074b06000 	C:\Program Files\MATLAB\R2012a\bin\win64\mcr.dll
0x0000000075000000 - 0x000000007536b000 	C:\Program Files\MATLAB\R2012a\bin\win64\iqm.dll
0x000000005d5e0000 - 0x000000005de01000 	C:\Program Files\MATLAB\R2012a\bin\win64\m_interpreter.dll
0x00000000747e0000 - 0x0000000074805000 	C:\Program Files\MATLAB\R2012a\bin\win64\libmex.dll
0x00000000713c0000 - 0x0000000071473000 	C:\Program Files\MATLAB\R2012a\bin\win64\m_dispatcher.dll
0x00000000047b0000 - 0x000000000489d000 	C:\Program Files\MATLAB\R2012a\bin\win64\boost_regex-vc90-mt-1_44.dll
0x0000000071330000 - 0x00000000713b4000 	C:\Program Files\MATLAB\R2012a\bin\win64\profiler.dll
0x00000000048c0000 - 0x0000000004b15000 	C:\Program Files\MATLAB\R2012a\bin\win64\libmwmathutil.dll
0x0000000079f40000 - 0x0000000079f6d000 	C:\Program Files\MATLAB\R2012a\bin\win64\libmwmathrng.dll
0x0000000074c10000 - 0x0000000074ced000 	C:\Program Files\MATLAB\R2012a\bin\win64\libmwmathcore.dll
0x0000000076160000 - 0x00000000761cb000 	C:\Program Files\MATLAB\R2012a\bin\win64\libmwspmatrix.dll
0x0000000075ea0000 - 0x0000000075f02000 	C:\Program Files\MATLAB\R2012a\bin\win64\libmwcholmod.dll
0x000000007a460000 - 0x000000007a46d000 	C:\Program Files\MATLAB\R2012a\bin\win64\libmwamd.dll
0x000000007a4b0000 - 0x000000007a4bc000 	C:\Program Files\MATLAB\R2012a\bin\win64\libmwcolamd.dll
0x00000000748a0000 - 0x00000000748b9000 	C:\Program Files\MATLAB\R2012a\bin\win64\libmwblas.dll
0x00000000747c0000 - 0x00000000747d2000 	C:\Program Files\MATLAB\R2012a\bin\win64\libmwbinder.dll
0x0000000074910000 - 0x000000007491b000 	C:\Program Files\MATLAB\R2012a\bin\win64\libmwompwrapper.dll
0x0000000071290000 - 0x0000000071316000 	C:\Program Files\MATLAB\R2012a\bin\win64\libmwlapack.dll
0x0000000071260000 - 0x0000000071281000 	C:\Program Files\MATLAB\R2012a\bin\win64\m_pcodeio.dll
0x0000000079b10000 - 0x0000000079b77000 	C:\Program Files\MATLAB\R2012a\bin\win64\m_ir.dll
0x000000005ab80000 - 0x000000005b1d0000 	C:\Program Files\MATLAB\R2012a\bin\win64\m_parser.dll
0x0000000073d00000 - 0x0000000073d1a000 	C:\Program Files\MATLAB\R2012a\bin\win64\ir_xfmr.dll
0x00000000675c0000 - 0x0000000067839000 	C:\Program Files\MATLAB\R2012a\bin\win64\mcos.dll
0x00000000747b0000 - 0x00000000747bc000 	C:\Program Files\MATLAB\R2012a\bin\win64\mtok.dll
0x000000006ec70000 - 0x000000006eca1000 	C:\Program Files\MATLAB\R2012a\bin\win64\m_pcodegen.dll
0x0000000079fb0000 - 0x0000000079fe7000 	C:\Program Files\MATLAB\R2012a\bin\win64\libmwbridge.dll
0x00000000697e0000 - 0x00000000698a8000 	C:\Program Files\MATLAB\R2012a\bin\win64\udd.dll
0x0000000069680000 - 0x00000000697d2000 	C:\Program Files\MATLAB\R2012a\bin\win64\libmwgui.dll
0x000000006f1d0000 - 0x000000006f1e7000 	C:\Program Files\MATLAB\R2012a\bin\win64\graphics_util.dll
0x0000000058810000 - 0x00000000591b3000 	C:\Program Files\MATLAB\R2012a\bin\win64\hg.dll
0x0000000004c90000 - 0x0000000004cf7000 	C:\Program Files\MATLAB\R2012a\bin\win64\libmat.dll
0x0000000072d30000 - 0x0000000072f44000 	C:\Program Files\MATLAB\R2012a\bin\win64\hdf5dll.dll
0x0000000075710000 - 0x00000000757c1000 	C:\Program Files\MATLAB\R2012a\bin\win64\jmi.dll
0x0000000004d30000 - 0x0000000004d3e000 	C:\Program Files\MATLAB\R2012a\bin\win64\nativejava_services.dll
0x000000006ec20000 - 0x000000006ec62000 	C:\Program Files\MATLAB\R2012a\bin\win64\libmwhardcopy.dll
0x000000006d9f0000 - 0x000000006da4a000 	C:\Program Files\MATLAB\R2012a\bin\win64\libuij.dll
0x0000000069470000 - 0x000000006967c000 	C:\Program Files\MATLAB\R2012a\bin\win64\hgdatatypes.dll
0x00000000662e0000 - 0x00000000663dd000 	C:\Program Files\MATLAB\R2012a\bin\win64\hgutils.dll
0x00000000681c0000 - 0x000000006827d000 	C:\Program Files\MATLAB\R2012a\bin\win64\udd_mi.dll
0x0000000004da0000 - 0x0000000004ddb000 	C:\Program Files\MATLAB\R2012a\bin\win64\libmwgbtutils.dll
0x0000000004df0000 - 0x0000000004e09000 	C:\Program Files\MATLAB\R2012a\bin\win64\libmwgbt.dll
0x0000000004e20000 - 0x00000000050ea000 	C:\Program Files\MATLAB\R2012a\bin\win64\uiw.dll
0x00000000739c0000 - 0x00000000739cf000 	C:\Program Files\MATLAB\R2012a\bin\win64\uinone.dll
0x000007fef1c00000 - 0x000007fef1c18000 	C:\Windows\system32\MPR.dll
0x0000000058320000 - 0x0000000058804000 	C:\Windows\WinSxS\amd64_microsoft.vc90.mfc_1fc8b3b9a1e18e3b_9.0.30729.6161_none_044aad0bab1eb146\mfc90.dll
0x000007fefbd60000 - 0x000007fefbd67000 	C:\Windows\system32\MSIMG32.dll
0x000007fefa2b0000 - 0x000007fefa321000 	C:\Windows\system32\WINSPOOL.DRV
0x000000006ec00000 - 0x000000006ec20000 	C:\Program Files\MATLAB\R2012a\bin\win64\mwoles05.DLL
0x0000000067fe0000 - 0x000000006805c000 	C:\Program Files\MATLAB\R2012a\bin\win64\comcli.dll
0x0000000067f70000 - 0x0000000067f9f000 	C:\Windows\WinSxS\amd64_microsoft.vc90.atl_1fc8b3b9a1e18e3b_9.0.30729.6161_none_0a1fd3a3a768b895\ATL90.DLL
0x00000000738f0000 - 0x00000000738fc000 	C:\Program Files\MATLAB\R2012a\bin\win64\mlautoregister.dll
0x0000000005140000 - 0x0000000005150000 	C:\Program Files\MATLAB\R2012a\bin\win64\boost_iostreams-vc90-mt-1_44.dll
0x000007fefc880000 - 0x000007fefc8d7000 	C:\Windows\system32\apphelp.dll
0x000007feff110000 - 0x000007feff161000 	C:\Windows\AppPatch\AppPatch64\AcGenral.DLL
0x000007fefc850000 - 0x000007fefc875000 	C:\Windows\system32\SspiCli.dll
0x0000000070c30000 - 0x0000000070c33000 	C:\Windows\system32\sfc.dll
0x000007fef87d0000 - 0x000007fef87e0000 	C:\Windows\system32\sfc_os.DLL
0x000007fefb950000 - 0x000007fefb96e000 	C:\Windows\system32\USERENV.dll
0x000007fefc9b0000 - 0x000007fefc9bf000 	C:\Windows\system32\profapi.dll
0x000007fefac40000 - 0x000007fefac58000 	C:\Windows\system32\dwmapi.dll
0x000007fefd090000 - 0x000007fefd0be000 	C:\Windows\system32\IMM32.DLL
0x000007fefcf80000 - 0x000007fefd089000 	C:\Windows\system32\MSCTF.dll
0x000007fefaf20000 - 0x000007fefaf76000 	C:\Windows\system32\UxTheme.dll
0x00000000738c0000 - 0x00000000738cd000 	C:\Windows\WinSxS\amd64_microsoft.vc90.mfcloc_1fc8b3b9a1e18e3b_9.0.30729.6161_none_01c9581e60cbee58\MFC90ENU.DLL
0x000007fef78e0000 - 0x000007fef796d000 	C:\Program Files (x86)\AVG\AVG2015\avghooka.dll
0x00000000053f0000 - 0x0000000005419000 	C:\Program Files\MATLAB\R2012a\bin\win64\tbbmalloc.dll
0x0000000078870000 - 0x0000000078ecd000 	C:\Program Files\MATLAB\R2012a\sys\java\jre\win64\jre\bin\server\jvm.dll
0x000007fefa990000 - 0x000007fefa9cb000 	C:\Windows\system32\WINMM.dll
0x000007fefb810000 - 0x000007fefb837000 	C:\Windows\system32\iphlpapi.dll
0x000007fefb800000 - 0x000007fefb80b000 	C:\Windows\system32\WINNSI.DLL
0x000007fefc070000 - 0x000007fefc0cb000 	C:\Windows\system32\DNSAPI.dll
0x000007fef9ce0000 - 0x000007fef9cf8000 	C:\Windows\system32\dhcpcsvc.DLL
0x000007fef9cc0000 - 0x000007fef9cd1000 	C:\Windows\system32\dhcpcsvc6.DLL

VM Arguments:
jvm_args: -Xss512k -XX:PermSize=32m -Xms64m -XX:NewRatio=3 -XX:MaxPermSize=128m -Xmx196m -XX:MaxDirectMemorySize=2147400000 -Dsun.java2d.noddraw=true -Dsun.awt.nopixfmt=true -Xshare:off -Xrs -Dsun.awt.disableMixing=true -Djava.library.path=C:\Program Files\MATLAB\R2012a\bin\win64 vfprintf abort 
java_command: <unknown>
Launcher Type: generic

Environment Variables:
CLASSPATH=.;C:\Program Files (x86)\QuickTime\QTSystem\QTJava.zip
PATH=C:\Program Files\Broadcom\Broadcom 802.11 Network Adapter\Driver;;C:\Program Files\Common Files\Microsoft Shared\Windows Live;C:\Program Files (x86)\Common Files\Microsoft Shared\Windows Live;C:\Program Files (x86)\Intel\iCLS Client\;C:\Program Files\Intel\iCLS Client\;C:\Windows\system32;C:\Windows;C:\Windows\System32\Wbem;C:\Windows\System32\WindowsPowerShell\v1.0\;C:\Program Files\Intel\Intel(R) Management Engine Components\DAL;C:\Program Files\Intel\Intel(R) Management Engine Components\IPT;C:\Program Files (x86)\Intel\Intel(R) Management Engine Components\DAL;C:\Program Files (x86)\Intel\Intel(R) Management Engine Components\IPT;C:\Program Files\Lenovo\Bluetooth Software\;C:\Program Files\Lenovo\Bluetooth Software\syswow64;C:\Program Files\Diskeeper Corporation\ExpressCache\;C:\Program Files\Common Files\Lenovo;C:\Program Files (x86)\Windows Live\Shared;C:\SWTOOLS\ReadyApps;C:\Program Files (x86)\Symantec\VIP Access Client\;C:\Program Files (x86)\Common Files\Lenovo;C:\Program Files\MATLAB\R2012a\runtime\win64;C:\Program Files\MATLAB\R2012a\bin;C:\Program Files\MiKTeX 2.9\miktex\bin\x64\;C:\Program Files (x86)\Git\cmd;C:\Program Files (x86)\Intel\OpenCL SDK\2.0\bin\x86;C:\Program Files (x86)\Intel\OpenCL SDK\2.0\bin\x64;C:\Program Files\Microsoft Windows Performance Toolkit\;C:\Program Files (x86)\QuickTime\QTSystem\;C:\Program Files (x86)\nodejs\;C:\Program Files (x86)\Heroku\bin;C:\Program Files (x86)\git\cmd;C:\Program Files\PostgreSQL\9.3\bin;C:\curl;C:\MinGW\bin;C:\Program Files (x86)\Skype\Phone\;C:\Users\Max Yi Ren\AppData\Roaming\npm;C:\Program Files (x86)\SSH Communications Security\SSH Secure Shell
USERNAME=Max Yi Ren
OS=Windows_NT
PROCESSOR_IDENTIFIER=Intel64 Family 6 Model 58 Stepping 9, GenuineIntel



---------------  S Y S T E M  ---------------

OS: Windows 7 Build 7601 Service Pack 1

CPU:total 4 (8 cores per cpu, 2 threads per core) family 6 model 58 stepping 9, cmov, cx8, fxsr, mmx, sse, sse2, sse3, ssse3, sse4.1, sse4.2, ht

Memory: 4k page, physical 8104172k(2866028k free), swap 21973212k(5521888k free)

vm_info: Java HotSpot(TM) 64-Bit Server VM (14.3-b01) for windows-amd64 JRE (1.6.0_17-b04), built on Oct 11 2009 00:46:08 by "java_re" with MS VC++ 8.0

time: Tue May 12 10:27:45 2015
elapsed time: 1037895 seconds

