#
# A fatal error has been detected by the Java Runtime Environment:
#
#  EXCEPTION_ACCESS_VIOLATION (0xc0000005) at pc=0x000000007322c750, pid=7588, tid=11840
#
# JRE version: 6.0_17-b04
# Java VM: Java HotSpot(TM) 64-Bit Server VM (14.3-b01 mixed mode windows-amd64 )
# Problematic frame:
# C  0x000000007322c750
#
# If you would like to submit a bug report, please visit:
#   http://java.sun.com/webapps/bugreport/crash.jsp
# The crash happened outside the Java Virtual Machine in native code.
# See problematic frame for where to report the bug.
#

---------------  T H R E A D  ---------------

Current thread (0x000000000f4f6000):  JavaThread "AWT-EventQueue-0" [_thread_in_native, id=11840, stack(0x00000000409d0000,0x0000000040a50000)]

siginfo: ExceptionCode=0xc0000005, reading address 0x0000000000000008

Registers:
EAX=0x000000000000000d, EBX=0x000000000f4f61b8, ECX=0x0000000000000000, EDX=0x000000005a01269f
ESP=0x0000000040a4dd38, EBP=0x000000000f19c510, ESI=0x000000000f4f61b8, EDI=0x000000000e57c3a0
EIP=0x000000007322c750, EFLAGS=0x0000000000010206

Top of Stack: (sp=0x0000000040a4dd38)
0x0000000040a4dd38:   00000000731d589c 0000000000000000
0x0000000040a4dd48:   000000000f4f61b8 000000000f19c510
0x0000000040a4dd58:   000000000f4f61b8 0000000040a4dda0
0x0000000040a4dd68:   000000000f4f61b8 000000002fbfd558
0x0000000040a4dd78:   00000000731b3810 000000000f4f61b8
0x0000000040a4dd88:   0000000040a4e450 0000000040a4e4c8
0x0000000040a4dd98:   000000000f19c510 0000000040a4de00
0x0000000040a4dda8:   00000000731d2151 00000000295c589a
0x0000000040a4ddb8:   0000000040a4e4c0 0000000000000000
0x0000000040a4ddc8:   0000000040a4e4c8 0000000040a4de40
0x0000000040a4ddd8:   000000002d864a50 0000000000000000
0x0000000040a4dde8:   000000002d67a6c0 0000000000000000
0x0000000040a4ddf8:   0000000040a4de30 0000000040a4de88
0x0000000040a4de08:   00000000295c5ac2 0000000000000000
0x0000000040a4de18:   000000002c68d688 00000000354e9c68
0x0000000040a4de28:   00000000354e93a8 00000000354e93a8 

Instructions: (pc=0x000000007322c750)
0x000000007322c740:   48 8b 41 08 48 8b 80 18 0c 00 00 c3 cc cc cc cc
0x000000007322c750:   48 8b 49 08 48 85 c9 74 05 e9 72 f6 fd ff 33 c0 


Stack: [0x00000000409d0000,0x0000000040a50000],  sp=0x0000000040a4dd38,  free space=503k
Native frames: (J=compiled Java code, j=interpreted, Vv=VM code, C=native code)
C  0x000000007322c750

Java frames: (J=compiled Java code, j=interpreted, Vv=VM code)
j  sun.java2d.windows.GDIBlitLoops.nativeBlit(Lsun/java2d/SurfaceData;Lsun/java2d/SurfaceData;Lsun/java2d/pipe/Region;IIIIIIIIIZ)V+0
j  sun.java2d.windows.GDIBlitLoops.Blit(Lsun/java2d/SurfaceData;Lsun/java2d/SurfaceData;Ljava/awt/Composite;Lsun/java2d/pipe/Region;IIIIII)V+33
j  sun.java2d.pipe.DrawImage.blitSurfaceData(Lsun/java2d/SunGraphics2D;Lsun/java2d/pipe/Region;Lsun/java2d/SurfaceData;Lsun/java2d/SurfaceData;Lsun/java2d/loops/SurfaceType;Lsun/java2d/loops/SurfaceType;IIIIIILjava/awt/Color;)V+97
j  sun.java2d.pipe.DrawImage.renderImageCopy(Lsun/java2d/SunGraphics2D;Ljava/awt/Image;Ljava/awt/Color;IIIIII)Z+75
j  sun.java2d.pipe.DrawImage.copyImage(Lsun/java2d/SunGraphics2D;Ljava/awt/Image;IILjava/awt/Color;)Z+45
j  sun.java2d.pipe.DrawImage.copyImage(Lsun/java2d/SunGraphics2D;Ljava/awt/Image;IILjava/awt/Color;Ljava/awt/image/ImageObserver;)Z+15
j  sun.java2d.pipe.ValidatePipe.copyImage(Lsun/java2d/SunGraphics2D;Ljava/awt/Image;IILjava/awt/Color;Ljava/awt/image/ImageObserver;)Z+21
j  sun.java2d.SunGraphics2D.drawImage(Ljava/awt/Image;IILjava/awt/Color;Ljava/awt/image/ImageObserver;)Z+18
J  javax.swing.RepaintManager$PaintManager.paintDoubleBuffered(Ljavax/swing/JComponent;Ljava/awt/Image;Ljava/awt/Graphics;IIII)V
j  javax.swing.RepaintManager$PaintManager.paint(Ljavax/swing/JComponent;Ljavax/swing/JComponent;Ljava/awt/Graphics;IIII)Z+116
j  javax.swing.RepaintManager.paint(Ljavax/swing/JComponent;Ljavax/swing/JComponent;Ljava/awt/Graphics;IIII)V+52
J  javax.swing.JComponent.paint(Ljava/awt/Graphics;)V
j  java.awt.GraphicsCallback$PaintCallback.run(Ljava/awt/Component;Ljava/awt/Graphics;)V+2
j  sun.awt.SunGraphicsCallback.runOneComponent(Ljava/awt/Component;Ljava/awt/Rectangle;Ljava/awt/Graphics;Ljava/awt/Shape;I)V+155
j  sun.awt.SunGraphicsCallback.runComponents([Ljava/awt/Component;Ljava/awt/Graphics;I)V+104
j  java.awt.Container.paint(Ljava/awt/Graphics;)V+73
J  javax.swing.RepaintManager.paintDirtyRegions(Ljava/util/Map;)V
j  javax.swing.RepaintManager.paintDirtyRegions()V+46
j  javax.swing.RepaintManager.seqPaintDirtyRegions()V+73
j  javax.swing.SystemEventQueueUtilities$ComponentWorkRequest.run()V+36
j  java.awt.event.InvocationEvent.dispatch()V+47
j  java.awt.EventQueue.dispatchEvent(Ljava/awt/AWTEvent;)V+26
j  java.awt.EventDispatchThread.pumpOneEventForFilters(I)Z+204
J  java.awt.EventDispatchThread.pumpEventsForFilter(ILjava/awt/Conditional;Ljava/awt/EventFilter;)V
j  java.awt.EventDispatchThread.pumpEventsForHierarchy(ILjava/awt/Conditional;Ljava/awt/Component;)V+11
j  java.awt.EventDispatchThread.pumpEvents(ILjava/awt/Conditional;)V+4
j  java.awt.EventDispatchThread.pumpEvents(Ljava/awt/Conditional;)V+3
j  java.awt.EventDispatchThread.run()V+9
v  ~StubRoutines::call_stub

---------------  P R O C E S S  ---------------

Java Threads: ( => current thread )
  0x000000000f28d800 JavaThread "Explorer NavigationContext request queue" [_thread_blocked, id=18968, stack(0x0000000028f20000,0x0000000028fa0000)]
  0x000000000f28a000 JavaThread "AddressBar directory emptiness poller" [_thread_blocked, id=18956, stack(0x0000000028ea0000,0x0000000028f20000)]
  0x000000000f28c000 JavaThread "Prefs Updater" daemon [_thread_blocked, id=8076, stack(0x0000000027f60000,0x0000000027fe0000)]
  0x000000000f28a800 JavaThread "pool-8-thread-1" [_thread_blocked, id=9124, stack(0x0000000027e90000,0x0000000027f10000)]
  0x000000000f289000 JavaThread "Code Analyzer updating thread" [_thread_blocked, id=9508, stack(0x000000005d5b0000,0x000000005d630000)]
  0x000000000f288800 JavaThread "Code Analyzer updating thread" [_thread_blocked, id=13584, stack(0x000000005be50000,0x000000005bed0000)]
  0x000000000f288000 JavaThread "Code Analyzer updating thread" [_thread_blocked, id=7668, stack(0x000000005d510000,0x000000005d590000)]
  0x000000000f42e800 JavaThread "Code Analyzer updating thread" [_thread_blocked, id=7508, stack(0x000000005bf00000,0x000000005bf80000)]
  0x000000000f42e000 JavaThread "Code Analyzer updating thread" [_thread_blocked, id=12828, stack(0x000000005bdb0000,0x000000005be30000)]
  0x000000000f42d000 JavaThread "Code Analyzer updating thread" [_thread_blocked, id=9468, stack(0x000000005b9f0000,0x000000005ba70000)]
  0x000000000f42c800 JavaThread "Timer-3" [_thread_blocked, id=7576, stack(0x000000005bcb0000,0x000000005bd30000)]
  0x000000000f42b000 JavaThread "Code Analyzer updating thread" [_thread_blocked, id=7952, stack(0x00000000590c0000,0x0000000059140000)]
  0x000000000f42a800 JavaThread "Active Reference Queue Daemon" daemon [_thread_blocked, id=10380, stack(0x0000000019170000,0x00000000191f0000)]
  0x000000000f429800 JavaThread "Timer-2" daemon [_thread_blocked, id=13480, stack(0x000000005b690000,0x000000005b710000)]
  0x000000000f429000 JavaThread "Timer-1" daemon [_thread_blocked, id=9588, stack(0x0000000044b50000,0x0000000044bd0000)]
  0x000000000f427800 JavaThread "TimerQueue" daemon [_thread_blocked, id=13608, stack(0x0000000054fb0000,0x0000000055030000)]
  0x000000000f1be000 JavaThread "FelixPackageAdmin" daemon [_thread_blocked, id=11684, stack(0x0000000050f00000,0x0000000050f80000)]
  0x000000000f5ca000 JavaThread "FelixStartLevel" daemon [_thread_blocked, id=8548, stack(0x0000000050e30000,0x0000000050eb0000)]
  0x000000000f753000 JavaThread "FelixDispatchQueue" daemon [_thread_blocked, id=8384, stack(0x000000004cce0000,0x000000004cd60000)]
=>0x000000000f4f6000 JavaThread "AWT-EventQueue-0" [_thread_in_native, id=11840, stack(0x00000000409d0000,0x0000000040a50000)]
  0x000000000eeab000 JavaThread "com.google.common.base.internal.Finalizer" daemon [_thread_blocked, id=11836, stack(0x0000000025480000,0x0000000025500000)]
  0x000000000effe800 JavaThread "AWT-Windows" daemon [_thread_in_native, id=7872, stack(0x000000000ff40000,0x000000000ffc0000)]
  0x000000000effd800 JavaThread "AWT-Shutdown" [_thread_blocked, id=13260, stack(0x000000000fea0000,0x000000000ff20000)]
  0x000000000effb000 JavaThread "Java2D Disposer" daemon [_thread_blocked, id=5172, stack(0x000000000fc40000,0x000000000fcc0000)]
  0x000000000eb11800 JavaThread "Timer-0" [_thread_blocked, id=7412, stack(0x000000000fa00000,0x000000000fa80000)]
  0x000000000ea6a800 JavaThread "EventMgr Dispatcher" daemon [_thread_in_native, id=11280, stack(0x0000000010ed0000,0x0000000014ed0000)]
  0x000000000dbd6800 JavaThread "Low Memory Detector" daemon [_thread_blocked, id=5828, stack(0x000000000dda0000,0x000000000de20000)]
  0x000000000dbcf000 JavaThread "CompilerThread1" daemon [_thread_blocked, id=7348, stack(0x0000000080000000,0x0000000084000000)]
  0x000000000db80000 JavaThread "CompilerThread0" daemon [_thread_blocked, id=5636, stack(0x0000000055040000,0x0000000059040000)]
  0x000000000db7f000 JavaThread "Attach Listener" daemon [_thread_blocked, id=8028, stack(0x000000000d070000,0x000000000d0f0000)]
  0x000000000576c000 JavaThread "Finalizer" daemon [_thread_blocked, id=11820, stack(0x000000000c740000,0x000000000c7c0000)]
  0x000000000576b000 JavaThread "Reference Handler" daemon [_thread_blocked, id=14220, stack(0x000000000dd20000,0x000000000dda0000)]
  0x000000000539e800 JavaThread "main" [_thread_in_native, id=11664, stack(0x0000000000110000,0x0000000004110000)]

Other Threads:
  0x000000000db62000 VMThread [stack: 0x0000000050f90000,0x0000000054f90000] [id=7620]
  0x000000000dbdb000 WatcherThread [stack: 0x0000000084070000,0x0000000088070000] [id=7356]

VM state:not at safepoint (normal execution)

VM Mutex/Monitor currently owned by a thread: None

Heap
 PSYoungGen      total 16192K, used 11273K [0x000000003d8c0000, 0x000000003e8c0000, 0x00000000409c0000)
  eden space 16000K, 69% used [0x000000003d8c0000,0x000000003e3956a8,0x000000003e860000)
  from space 192K, 93% used [0x000000003e860000,0x000000003e88ce18,0x000000003e890000)
  to   space 192K, 0% used [0x000000003e890000,0x000000003e890000,0x000000003e8c0000)
 PSOldGen        total 89088K, used 85090K [0x00000000345c0000, 0x0000000039cc0000, 0x000000003d8c0000)
  object space 89088K, 95% used [0x00000000345c0000,0x00000000398d8b80,0x0000000039cc0000)
 PSPermGen       total 122752K, used 64784K [0x000000002c5c0000, 0x0000000033da0000, 0x00000000345c0000)
  object space 122752K, 52% used [0x000000002c5c0000,0x0000000030504210,0x0000000033da0000)

Dynamic libraries:
0x000000013f220000 - 0x000000013f252000 	C:\Program Files\MATLAB\R2012a\bin\win64\MATLAB.exe
0x0000000076f90000 - 0x0000000077139000 	C:\Windows\SYSTEM32\ntdll.dll
0x0000000076d70000 - 0x0000000076e8f000 	C:\Windows\system32\kernel32.dll
0x000007fefbf30000 - 0x000007fefbf9c000 	C:\Windows\system32\KERNELBASE.dll
0x0000000074460000 - 0x0000000074554000 	C:\Program Files\MATLAB\R2012a\bin\win64\libut.dll
0x00000000758a0000 - 0x0000000075952000 	C:\Program Files\MATLAB\R2012a\bin\win64\libmwi18n.dll
0x0000000180000000 - 0x000000018000b000 	C:\Program Files\MATLAB\R2012a\bin\win64\libmwresource_core.dll
0x00000000749f0000 - 0x0000000074ac3000 	C:\Windows\WinSxS\amd64_microsoft.vc90.crt_1fc8b3b9a1e18e3b_9.0.30729.6161_none_08e61857a83bc251\MSVCP90.dll
0x0000000074940000 - 0x00000000749e3000 	C:\Windows\WinSxS\amd64_microsoft.vc90.crt_1fc8b3b9a1e18e3b_9.0.30729.6161_none_08e61857a83bc251\MSVCR90.dll
0x000000007a170000 - 0x000000007a19c000 	C:\Program Files\MATLAB\R2012a\bin\win64\boost_filesystem-vc90-mt-1_44.dll
0x000000007a560000 - 0x000000007a569000 	C:\Program Files\MATLAB\R2012a\bin\win64\boost_system-vc90-mt-1_44.dll
0x000007fefd5b0000 - 0x000007fefd68b000 	C:\Windows\system32\ADVAPI32.dll
0x000007fefddd0000 - 0x000007fefde6f000 	C:\Windows\system32\msvcrt.dll
0x000007fefd140000 - 0x000007fefd15f000 	C:\Windows\SYSTEM32\sechost.dll
0x000007fefd480000 - 0x000007fefd5ad000 	C:\Windows\system32\RPCRT4.dll
0x000000007a010000 - 0x000000007a035000 	C:\Program Files\MATLAB\R2012a\bin\win64\LIBEXPAT.dll
0x00000000630d0000 - 0x00000000632c1000 	C:\Program Files\MATLAB\R2012a\bin\win64\icuin44.dll
0x00000000638a0000 - 0x0000000063a11000 	C:\Program Files\MATLAB\R2012a\bin\win64\icuuc44.dll
0x0000000010000000 - 0x0000000010e41000 	C:\Program Files\MATLAB\R2012a\bin\win64\icudt44.dll
0x0000000073f70000 - 0x00000000740ad000 	C:\Program Files\MATLAB\R2012a\bin\win64\libmwfl.dll
0x0000000004310000 - 0x0000000004606000 	C:\Program Files\MATLAB\R2012a\bin\win64\libmwMATLAB_res.dll
0x000000007a3b0000 - 0x000000007a3c0000 	C:\Program Files\MATLAB\R2012a\bin\win64\boost_date_time-vc90-mt-1_44.dll
0x000000007a250000 - 0x000000007a263000 	C:\Program Files\MATLAB\R2012a\bin\win64\boost_signals-vc90-mt-1_44.dll
0x000000007a2d0000 - 0x000000007a2e2000 	C:\Program Files\MATLAB\R2012a\bin\win64\boost_thread-vc90-mt-1_44.dll
0x00000000041b0000 - 0x00000000041f6000 	C:\Program Files\MATLAB\R2012a\bin\win64\tbb.dll
0x000007fefe230000 - 0x000007fefe249000 	C:\Windows\system32\imagehlp.dll
0x0000000077150000 - 0x0000000077157000 	C:\Windows\system32\PSAPI.DLL
0x000000006d270000 - 0x000000006d283000 	C:\Program Files\MATLAB\R2012a\bin\win64\icuio44.dll
0x000007fef9a90000 - 0x000007fef9bb5000 	C:\Windows\system32\dbghelp.dll
0x0000000076e90000 - 0x0000000076f8a000 	C:\Windows\system32\USER32.dll
0x000007fefd8a0000 - 0x000007fefd907000 	C:\Windows\system32\GDI32.dll
0x000007fefde70000 - 0x000007fefde7e000 	C:\Windows\system32\LPK.dll
0x000007fefdcf0000 - 0x000007fefddb9000 	C:\Windows\system32\USP10.dll
0x000000007bed0000 - 0x000000007c183000 	C:\Program Files\MATLAB\R2012a\bin\win64\libmwservices.dll
0x0000000075a20000 - 0x0000000075ae2000 	C:\Program Files\MATLAB\R2012a\bin\win64\libmx.dll
0x000000007a210000 - 0x000000007a228000 	C:\Program Files\MATLAB\R2012a\bin\win64\zlib1.dll
0x0000000004650000 - 0x0000000004671000 	C:\Program Files\MATLAB\R2012a\bin\win64\libmwmfl_scalar.dll
0x0000000075f10000 - 0x0000000075f5d000 	C:\Program Files\MATLAB\R2012a\bin\win64\mpath.dll
0x000000007b680000 - 0x000000007bbe1000 	C:\Program Files\MATLAB\R2012a\bin\win64\mlutil.dll
0x0000000064ad0000 - 0x0000000064b4f000 	C:\Program Files\MATLAB\R2012a\bin\win64\xmlcore.dll
0x000000007bc30000 - 0x000000007be83000 	C:\Program Files\MATLAB\R2012a\bin\win64\xerces-c_2_7.dll
0x000007fefc250000 - 0x000007fefc29d000 	C:\Windows\system32\WS2_32.dll
0x000007fefddc0000 - 0x000007fefddc8000 	C:\Windows\system32\NSI.dll
0x00000000046d0000 - 0x00000000046ea000 	C:\Program Files\MATLAB\R2012a\bin\win64\libmwMATLAB_settings_res.dll
0x0000000004700000 - 0x0000000004747000 	C:\Program Files\MATLAB\R2012a\bin\win64\boost_serialization-vc90-mt-1_44.dll
0x000007fefc2a0000 - 0x000007fefd028000 	C:\Windows\system32\SHELL32.dll
0x000007fefd690000 - 0x000007fefd701000 	C:\Windows\system32\SHLWAPI.dll
0x000007fef9920000 - 0x000007fef99c0000 	C:\Windows\WinSxS\amd64_microsoft.windows.common-controls_6595b64144ccf1df_5.82.7601.18201_none_a4d3b9377117c3df\COMCTL32.dll
0x000007fefdfb0000 - 0x000007fefe047000 	C:\Windows\system32\COMDLG32.dll
0x000007fef90a0000 - 0x000007fef90b6000 	C:\Windows\system32\NETAPI32.dll
0x000007fef9090000 - 0x000007fef909c000 	C:\Windows\system32\netutils.dll
0x000007fefbbf0000 - 0x000007fefbc13000 	C:\Windows\system32\srvcli.dll
0x000007fef9070000 - 0x000007fef9085000 	C:\Windows\system32\wkscli.dll
0x000007fefd270000 - 0x000007fefd473000 	C:\Windows\system32\ole32.dll
0x000007fefdb70000 - 0x000007fefdc47000 	C:\Windows\system32\OLEAUT32.dll
0x0000000004760000 - 0x00000000048f6000 	C:\Program Files\MATLAB\R2012a\bin\win64\mcr.dll
0x0000000075000000 - 0x000000007536b000 	C:\Program Files\MATLAB\R2012a\bin\win64\iqm.dll
0x000000005cc50000 - 0x000000005d471000 	C:\Program Files\MATLAB\R2012a\bin\win64\m_interpreter.dll
0x0000000069d40000 - 0x0000000069d65000 	C:\Program Files\MATLAB\R2012a\bin\win64\libmex.dll
0x0000000064a10000 - 0x0000000064ac3000 	C:\Program Files\MATLAB\R2012a\bin\win64\m_dispatcher.dll
0x0000000004950000 - 0x0000000004a3d000 	C:\Program Files\MATLAB\R2012a\bin\win64\boost_regex-vc90-mt-1_44.dll
0x0000000065560000 - 0x00000000655e4000 	C:\Program Files\MATLAB\R2012a\bin\win64\profiler.dll
0x0000000004a60000 - 0x0000000004cb5000 	C:\Program Files\MATLAB\R2012a\bin\win64\libmwmathutil.dll
0x0000000079f40000 - 0x0000000079f6d000 	C:\Program Files\MATLAB\R2012a\bin\win64\libmwmathrng.dll
0x0000000074c10000 - 0x0000000074ced000 	C:\Program Files\MATLAB\R2012a\bin\win64\libmwmathcore.dll
0x0000000076160000 - 0x00000000761cb000 	C:\Program Files\MATLAB\R2012a\bin\win64\libmwspmatrix.dll
0x0000000075ea0000 - 0x0000000075f02000 	C:\Program Files\MATLAB\R2012a\bin\win64\libmwcholmod.dll
0x000000007a460000 - 0x000000007a46d000 	C:\Program Files\MATLAB\R2012a\bin\win64\libmwamd.dll
0x000000007a4b0000 - 0x000000007a4bc000 	C:\Program Files\MATLAB\R2012a\bin\win64\libmwcolamd.dll
0x0000000070920000 - 0x0000000070939000 	C:\Program Files\MATLAB\R2012a\bin\win64\libmwblas.dll
0x000000006a1c0000 - 0x000000006a1d2000 	C:\Program Files\MATLAB\R2012a\bin\win64\libmwbinder.dll
0x0000000070990000 - 0x000000007099b000 	C:\Program Files\MATLAB\R2012a\bin\win64\libmwompwrapper.dll
0x0000000064980000 - 0x0000000064a06000 	C:\Program Files\MATLAB\R2012a\bin\win64\libmwlapack.dll
0x0000000063b40000 - 0x0000000063b61000 	C:\Program Files\MATLAB\R2012a\bin\win64\m_pcodeio.dll
0x0000000079b10000 - 0x0000000079b77000 	C:\Program Files\MATLAB\R2012a\bin\win64\m_ir.dll
0x000000005d660000 - 0x000000005dcb0000 	C:\Program Files\MATLAB\R2012a\bin\win64\m_parser.dll
0x000000006a1a0000 - 0x000000006a1ba000 	C:\Program Files\MATLAB\R2012a\bin\win64\ir_xfmr.dll
0x0000000062e50000 - 0x00000000630c9000 	C:\Program Files\MATLAB\R2012a\bin\win64\mcos.dll
0x00000000709b0000 - 0x00000000709bc000 	C:\Program Files\MATLAB\R2012a\bin\win64\mtok.dll
0x00000000666c0000 - 0x00000000666f1000 	C:\Program Files\MATLAB\R2012a\bin\win64\m_pcodegen.dll
0x0000000079fb0000 - 0x0000000079fe7000 	C:\Program Files\MATLAB\R2012a\bin\win64\libmwbridge.dll
0x0000000063400000 - 0x00000000634c8000 	C:\Program Files\MATLAB\R2012a\bin\win64\udd.dll
0x0000000062cf0000 - 0x0000000062e42000 	C:\Program Files\MATLAB\R2012a\bin\win64\libmwgui.dll
0x00000000698a0000 - 0x00000000698b7000 	C:\Program Files\MATLAB\R2012a\bin\win64\graphics_util.dll
0x000000005c2a0000 - 0x000000005cc43000 	C:\Program Files\MATLAB\R2012a\bin\win64\hg.dll
0x0000000004e30000 - 0x0000000004e97000 	C:\Program Files\MATLAB\R2012a\bin\win64\libmat.dll
0x0000000072d30000 - 0x0000000072f44000 	C:\Program Files\MATLAB\R2012a\bin\win64\hdf5dll.dll
0x0000000075710000 - 0x00000000757c1000 	C:\Program Files\MATLAB\R2012a\bin\win64\jmi.dll
0x0000000004ed0000 - 0x0000000004ede000 	C:\Program Files\MATLAB\R2012a\bin\win64\nativejava_services.dll
0x00000000637f0000 - 0x0000000063832000 	C:\Program Files\MATLAB\R2012a\bin\win64\libmwhardcopy.dll
0x00000000633a0000 - 0x00000000633fa000 	C:\Program Files\MATLAB\R2012a\bin\win64\libuij.dll
0x0000000060ef0000 - 0x00000000610fc000 	C:\Program Files\MATLAB\R2012a\bin\win64\hgdatatypes.dll
0x0000000061fc0000 - 0x00000000620bd000 	C:\Program Files\MATLAB\R2012a\bin\win64\hgutils.dll
0x00000000632e0000 - 0x000000006339d000 	C:\Program Files\MATLAB\R2012a\bin\win64\udd_mi.dll
0x0000000004f40000 - 0x0000000004f7b000 	C:\Program Files\MATLAB\R2012a\bin\win64\libmwgbtutils.dll
0x0000000004f90000 - 0x0000000004fa9000 	C:\Program Files\MATLAB\R2012a\bin\win64\libmwgbt.dll
0x0000000004fc0000 - 0x000000000528a000 	C:\Program Files\MATLAB\R2012a\bin\win64\uiw.dll
0x000000006e0a0000 - 0x000000006e0af000 	C:\Program Files\MATLAB\R2012a\bin\win64\uinone.dll
0x000007fef97e0000 - 0x000007fef97f8000 	C:\Windows\system32\MPR.dll
0x0000000060a00000 - 0x0000000060ee4000 	C:\Windows\WinSxS\amd64_microsoft.vc90.mfc_1fc8b3b9a1e18e3b_9.0.30729.6161_none_044aad0bab1eb146\mfc90.dll
0x000007fefb100000 - 0x000007fefb107000 	C:\Windows\system32\MSIMG32.dll
0x000007fef91d0000 - 0x000007fef9241000 	C:\Windows\system32\WINSPOOL.DRV
0x0000000069860000 - 0x0000000069880000 	C:\Program Files\MATLAB\R2012a\bin\win64\mwoles05.DLL
0x0000000061f40000 - 0x0000000061fbc000 	C:\Program Files\MATLAB\R2012a\bin\win64\comcli.dll
0x0000000063870000 - 0x000000006389f000 	C:\Windows\WinSxS\amd64_microsoft.vc90.atl_1fc8b3b9a1e18e3b_9.0.30729.6161_none_0a1fd3a3a768b895\ATL90.DLL
0x0000000070110000 - 0x000000007011c000 	C:\Program Files\MATLAB\R2012a\bin\win64\mlautoregister.dll
0x00000000052e0000 - 0x00000000052f0000 	C:\Program Files\MATLAB\R2012a\bin\win64\boost_iostreams-vc90-mt-1_44.dll
0x000007fefbd10000 - 0x000007fefbd67000 	C:\Windows\system32\apphelp.dll
0x000007fee6990000 - 0x000007fee69e1000 	C:\Windows\AppPatch\AppPatch64\AcGenral.DLL
0x000007fefbce0000 - 0x000007fefbd05000 	C:\Windows\system32\SspiCli.dll
0x00000000711f0000 - 0x00000000711f3000 	C:\Windows\system32\sfc.dll
0x000007fef7240000 - 0x000007fef7250000 	C:\Windows\system32\sfc_os.DLL
0x000007fefade0000 - 0x000007fefadfe000 	C:\Windows\system32\USERENV.dll
0x000007fefbe40000 - 0x000007fefbe4f000 	C:\Windows\system32\profapi.dll
0x000007fef9fd0000 - 0x000007fef9fe8000 	C:\Windows\system32\dwmapi.dll
0x000007fefd110000 - 0x000007fefd13e000 	C:\Windows\system32\IMM32.DLL
0x000007fefd160000 - 0x000007fefd269000 	C:\Windows\system32\MSCTF.dll
0x000007fefa3b0000 - 0x000007fefa406000 	C:\Windows\system32\UxTheme.dll
0x00000000692b0000 - 0x00000000692bd000 	C:\Windows\WinSxS\amd64_microsoft.vc90.mfcloc_1fc8b3b9a1e18e3b_9.0.30729.6161_none_01c9581e60cbee58\MFC90ENU.DLL
0x000007fef6cc0000 - 0x000007fef6d49000 	C:\Program Files (x86)\AVG\AVG2015\avghooka.dll
0x00000000053a0000 - 0x00000000053c9000 	C:\Program Files\MATLAB\R2012a\bin\win64\tbbmalloc.dll
0x0000000078870000 - 0x0000000078ecd000 	C:\Program Files\MATLAB\R2012a\sys\java\jre\win64\jre\bin\server\jvm.dll
0x000007fef9d90000 - 0x000007fef9dcb000 	C:\Windows\system32\WINMM.dll
0x000007fefaca0000 - 0x000007fefacc7000 	C:\Windows\system32\iphlpapi.dll
0x000007fefac90000 - 0x000007fefac9b000 	C:\Windows\system32\WINNSI.DLL
0x000007fefb510000 - 0x000007fefb56b000 	C:\Windows\system32\DNSAPI.dll
0x000007fef88d0000 - 0x000007fef88e8000 	C:\Windows\system32\dhcpcsvc.DLL
0x000007fef88b0000 - 0x000007fef88c1000 	C:\Windows\system32\dhcpcsvc6.DLL

VM Arguments:
jvm_args: -Xss512k -XX:PermSize=32m -Xms64m -XX:NewRatio=3 -XX:MaxPermSize=128m -Xmx196m -XX:MaxDirectMemorySize=2147400000 -Dsun.java2d.noddraw=true -Dsun.awt.nopixfmt=true -Xshare:off -Xrs -Dsun.awt.disableMixing=true -Djava.library.path=C:\Program Files\MATLAB\R2012a\bin\win64 vfprintf abort 
java_command: <unknown>
Launcher Type: generic

Environment Variables:
CLASSPATH=.;C:\Program Files (x86)\QuickTime\QTSystem\QTJava.zip
PATH=C:\Program Files\Broadcom\Broadcom 802.11 Network Adapter\Driver;;C:\Program Files\Common Files\Microsoft Shared\Windows Live;C:\Program Files (x86)\Common Files\Microsoft Shared\Windows Live;C:\Program Files (x86)\Intel\iCLS Client\;C:\Program Files\Intel\iCLS Client\;C:\Windows\system32;C:\Windows;C:\Windows\System32\Wbem;C:\Windows\System32\WindowsPowerShell\v1.0\;C:\Program Files\Intel\Intel(R) Management Engine Components\DAL;C:\Program Files\Intel\Intel(R) Management Engine Components\IPT;C:\Program Files (x86)\Intel\Intel(R) Management Engine Components\DAL;C:\Program Files (x86)\Intel\Intel(R) Management Engine Components\IPT;C:\Program Files\Lenovo\Bluetooth Software\;C:\Program Files\Lenovo\Bluetooth Software\syswow64;C:\Program Files\Diskeeper Corporation\ExpressCache\;C:\Program Files\Common Files\Lenovo;C:\Program Files (x86)\Windows Live\Shared;C:\SWTOOLS\ReadyApps;C:\Program Files (x86)\Symantec\VIP Access Client\;C:\Program Files (x86)\Common Files\Lenovo;C:\Program Files\MATLAB\R2012a\runtime\win64;C:\Program Files\MATLAB\R2012a\bin;C:\Program Files\MiKTeX 2.9\miktex\bin\x64\;C:\Program Files (x86)\Git\cmd;C:\Program Files (x86)\Intel\OpenCL SDK\2.0\bin\x86;C:\Program Files (x86)\Intel\OpenCL SDK\2.0\bin\x64;C:\Program Files\Microsoft Windows Performance Toolkit\;C:\Program Files (x86)\QuickTime\QTSystem\;C:\Program Files (x86)\nodejs\;C:\Program Files (x86)\Heroku\bin;C:\Program Files (x86)\git\cmd;C:\Program Files\PostgreSQL\9.3\bin;C:\curl;C:\MinGW\bin;C:\Users\Max Yi Ren\AppData\Roaming\npm
USERNAME=Max Yi Ren
OS=Windows_NT
PROCESSOR_IDENTIFIER=Intel64 Family 6 Model 58 Stepping 9, GenuineIntel



---------------  S Y S T E M  ---------------

OS: Windows 7 Build 7601 Service Pack 1

CPU:total 4 (8 cores per cpu, 2 threads per core) family 6 model 58 stepping 9, cmov, cx8, fxsr, mmx, sse, sse2, sse3, ssse3, sse4.1, sse4.2, ht

Memory: 4k page, physical 8104172k(1136132k free), swap 18224176k(4368964k free)

vm_info: Java HotSpot(TM) 64-Bit Server VM (14.3-b01) for windows-amd64 JRE (1.6.0_17-b04), built on Oct 11 2009 00:46:08 by "java_re" with MS VC++ 8.0

time: Fri Dec 12 08:36:06 2014
elapsed time: 87245 seconds

