#
# A fatal error has been detected by the Java Runtime Environment:
#
#  EXCEPTION_ACCESS_VIOLATION (0xc0000005) at pc=0x000000007322c750, pid=301592, tid=302680
#
# JRE version: 6.0_17-b04
# Java VM: Java HotSpot(TM) 64-Bit Server VM (14.3-b01 mixed mode windows-amd64 )
# Problematic frame:
# C  0x000000007322c750
#
# If you would like to submit a bug report, please visit:
#   http://java.sun.com/webapps/bugreport/crash.jsp
# The crash happened outside the Java Virtual Machine in native code.
# See problematic frame for where to report the bug.
#

---------------  T H R E A D  ---------------

Current thread (0x000000000e20d800):  JavaThread "AWT-EventQueue-0" [_thread_in_native, id=302680, stack(0x000000000fde0000,0x000000000fe60000)]

siginfo: ExceptionCode=0xc0000005, reading address 0x0000000000000008

Registers:
EAX=0x000000000000000d, EBX=0x000000000e20d9b8, ECX=0x0000000000000000, EDX=0x000000000201457e
ESP=0x000000000fe5e1b8, EBP=0x0000000025922e30, ESI=0x000000000e20d9b8, EDI=0x0000000060acc740
EIP=0x000000007322c750, EFLAGS=0x0000000000010202

Top of Stack: (sp=0x000000000fe5e1b8)
0x000000000fe5e1b8:   00000000731d589c 0000000000000000
0x000000000fe5e1c8:   000000000e20d9b8 0000000025922e30
0x000000000fe5e1d8:   000000000e20d9b8 000000000e20d800
0x000000000fe5e1e8:   000000000e20d9b8 000000000fe5eb40
0x000000000fe5e1f8:   00000000731b3810 000000000e20d9b8
0x000000000fe5e208:   000000000fe5e8d8 000000000fe5e950
0x000000000fe5e218:   0000000025922e30 000000000fe5e2b0
0x000000000fe5e228:   00000000731d2151 000000000fe5e2b0
0x000000000fe5e238:   000000000fe5e948 000000003d609618
0x000000000fe5e248:   000000000fe5e950 00000000372db2d8
0x000000000fe5e258:   00000000731536a6 000000005fdcace0
0x000000000fe5e268:   000000005fdcace0 00000000732ba890
0x000000000fe5e278:   000000000e20d9b8 0000000000000306
0x000000000fe5e288:   00000000fff0f0f0 00000000294caccc
0x000000000fe5e298:   00000000372d6fb0 0000001700000780
0x000000000fe5e2a8:   00000000365b02c0 0000030200000000 

Instructions: (pc=0x000000007322c750)
0x000000007322c740:   48 8b 41 08 48 8b 80 18 0c 00 00 c3 cc cc cc cc
0x000000007322c750:   48 8b 49 08 48 85 c9 74 05 e9 72 f6 fd ff 33 c0 


Stack: [0x000000000fde0000,0x000000000fe60000],  sp=0x000000000fe5e1b8,  free space=504k
Native frames: (J=compiled Java code, j=interpreted, Vv=VM code, C=native code)
C  0x000000007322c750

Java frames: (J=compiled Java code, j=interpreted, Vv=VM code)
j  sun.java2d.windows.GDIBlitLoops.nativeBlit(Lsun/java2d/SurfaceData;Lsun/java2d/SurfaceData;Lsun/java2d/pipe/Region;IIIIIIIIIZ)V+0
j  sun.java2d.windows.GDIBlitLoops.Blit(Lsun/java2d/SurfaceData;Lsun/java2d/SurfaceData;Ljava/awt/Composite;Lsun/java2d/pipe/Region;IIIIII)V+33
J  sun.java2d.pipe.DrawImage.copyImage(Lsun/java2d/SunGraphics2D;Ljava/awt/Image;IILjava/awt/Color;Ljava/awt/image/ImageObserver;)Z
J  javax.swing.RepaintManager$PaintManager.paintDoubleBuffered(Ljavax/swing/JComponent;Ljava/awt/Image;Ljava/awt/Graphics;IIII)V
j  javax.swing.RepaintManager$PaintManager.paint(Ljavax/swing/JComponent;Ljavax/swing/JComponent;Ljava/awt/Graphics;IIII)Z+116
J  javax.swing.JComponent._paintImmediately(IIII)V
J  javax.swing.RepaintManager.paintDirtyRegions(Ljava/util/Map;)V
j  javax.swing.RepaintManager.paintDirtyRegions()V+46
j  javax.swing.RepaintManager.seqPaintDirtyRegions()V+73
j  javax.swing.SystemEventQueueUtilities$ComponentWorkRequest.run()V+36
J  java.awt.EventDispatchThread.pumpOneEventForFilters(I)Z
J  java.awt.EventDispatchThread.pumpEventsForFilter(ILjava/awt/Conditional;Ljava/awt/EventFilter;)V
j  java.awt.EventDispatchThread.pumpEventsForHierarchy(ILjava/awt/Conditional;Ljava/awt/Component;)V+11
j  java.awt.EventDispatchThread.pumpEvents(ILjava/awt/Conditional;)V+4
j  java.awt.EventDispatchThread.pumpEvents(Ljava/awt/Conditional;)V+3
j  java.awt.EventDispatchThread.run()V+9
v  ~StubRoutines::call_stub

---------------  P R O C E S S  ---------------

Java Threads: ( => current thread )
  0x00000000512b3000 JavaThread "Explorer NavigationContext request queue" [_thread_blocked, id=312140, stack(0x00000000521e0000,0x0000000052260000)]
  0x00000000512b3800 JavaThread "AddressBar directory emptiness poller" [_thread_blocked, id=308996, stack(0x0000000007f50000,0x0000000007fd0000)]
  0x000000000e20c000 JavaThread "Prefs Updater" daemon [_thread_blocked, id=302548, stack(0x0000000058610000,0x0000000058690000)]
  0x000000000e211000 JavaThread "Foxtrot Multi Worker Thread Runner #1" daemon [_thread_blocked, id=302552, stack(0x0000000026550000,0x00000000265d0000)]
  0x00000000512b2000 JavaThread "Code Analyzer updating thread" [_thread_blocked, id=302044, stack(0x0000000058080000,0x0000000058100000)]
  0x00000000512b1800 JavaThread "Code Analyzer updating thread" [_thread_blocked, id=302972, stack(0x0000000058120000,0x00000000581a0000)]
  0x00000000512b0800 JavaThread "Code Analyzer updating thread" [_thread_blocked, id=30192, stack(0x0000000058000000,0x0000000058080000)]
  0x00000000512b0000 JavaThread "Code Analyzer updating thread" [_thread_blocked, id=302656, stack(0x0000000057f10000,0x0000000057f90000)]
  0x00000000512af000 JavaThread "Code Analyzer updating thread" [_thread_blocked, id=301792, stack(0x0000000057110000,0x0000000057190000)]
  0x00000000512ae800 JavaThread "Code Analyzer updating thread" [_thread_blocked, id=302628, stack(0x0000000057090000,0x0000000057110000)]
  0x000000000e216800 JavaThread "Code Analyzer updating thread" [_thread_blocked, id=302636, stack(0x0000000051b70000,0x0000000051bf0000)]
  0x000000000e215800 JavaThread "Timer-3" [_thread_blocked, id=302296, stack(0x0000000056dd0000,0x0000000056e50000)]
  0x000000000e214000 JavaThread "Code Analyzer updating thread" [_thread_blocked, id=302896, stack(0x0000000052140000,0x00000000521c0000)]
  0x000000000e213800 JavaThread "Active Reference Queue Daemon" daemon [_thread_blocked, id=287588, stack(0x0000000048960000,0x00000000489e0000)]
  0x000000000e212800 JavaThread "Timer-2" daemon [_thread_blocked, id=303048, stack(0x0000000051c20000,0x0000000051ca0000)]
  0x000000000e212000 JavaThread "Timer-1" daemon [_thread_blocked, id=302984, stack(0x000000004cac0000,0x000000004cb40000)]
  0x000000000e20e800 JavaThread "TimerQueue" daemon [_thread_blocked, id=302572, stack(0x0000000025100000,0x0000000025180000)]
  0x000000000e210800 JavaThread "FelixPackageAdmin" daemon [_thread_blocked, id=298804, stack(0x0000000040630000,0x00000000406b0000)]
  0x000000000e210000 JavaThread "FelixStartLevel" daemon [_thread_blocked, id=299360, stack(0x00000000446f0000,0x0000000044770000)]
  0x000000000e20f000 JavaThread "FelixDispatchQueue" daemon [_thread_blocked, id=302108, stack(0x0000000010ec0000,0x0000000010f40000)]
=>0x000000000e20d800 JavaThread "AWT-EventQueue-0" [_thread_in_native, id=302680, stack(0x000000000fde0000,0x000000000fe60000)]
  0x000000000e20d000 JavaThread "com.google.common.base.internal.Finalizer" daemon [_thread_blocked, id=302124, stack(0x000000000fd60000,0x000000000fde0000)]
  0x000000000e20b800 JavaThread "AWT-Windows" daemon [_thread_in_native, id=302448, stack(0x000000000f7b0000,0x000000000f830000)]
  0x000000000e20a800 JavaThread "AWT-Shutdown" [_thread_blocked, id=302260, stack(0x000000000f720000,0x000000000f7a0000)]
  0x000000000e20a000 JavaThread "Java2D Disposer" daemon [_thread_blocked, id=302596, stack(0x000000000f500000,0x000000000f580000)]
  0x000000000e209000 JavaThread "Timer-0" [_thread_blocked, id=302196, stack(0x000000000e4d0000,0x000000000e550000)]
  0x000000000e208800 JavaThread "EventMgr Dispatcher" daemon [_thread_in_native, id=302060, stack(0x0000000010f70000,0x0000000014f70000)]
  0x000000000e208000 JavaThread "Low Memory Detector" daemon [_thread_blocked, id=302256, stack(0x000000000e750000,0x000000000e7d0000)]
  0x000000000e223000 JavaThread "CompilerThread1" daemon [_thread_blocked, id=302332, stack(0x00000000658c0000,0x00000000698c0000)]
  0x000000000e217000 JavaThread "CompilerThread0" daemon [_thread_blocked, id=302140, stack(0x00000000617d0000,0x00000000657d0000)]
  0x000000000e207000 JavaThread "Attach Listener" daemon [_thread_blocked, id=301380, stack(0x000000000e650000,0x000000000e6d0000)]
  0x000000000e1ab000 JavaThread "Finalizer" daemon [_thread_blocked, id=299748, stack(0x000000000e3f0000,0x000000000e470000)]
  0x000000000e1a5000 JavaThread "Reference Handler" daemon [_thread_blocked, id=302544, stack(0x000000000e320000,0x000000000e3a0000)]
  0x000000000559e800 JavaThread "main" [_thread_in_native, id=302748, stack(0x0000000000180000,0x0000000004180000)]

Other Threads:
  0x000000000e1a2800 VMThread [stack: 0x0000000058840000,0x000000005c840000] [id=302924]
  0x000000000e248800 WatcherThread [stack: 0x0000000069a10000,0x000000006da10000] [id=302272]

VM state:not at safepoint (normal execution)

VM Mutex/Monitor currently owned by a thread: None

Heap
 PSYoungGen      total 16128K, used 3032K [0x000000003d4f0000, 0x000000003e4f0000, 0x00000000405f0000)
  eden space 16000K, 18% used [0x000000003d4f0000,0x000000003d7c6348,0x000000003e490000)
  from space 128K, 100% used [0x000000003e4d0000,0x000000003e4f0000,0x000000003e4f0000)
  to   space 192K, 0% used [0x000000003e490000,0x000000003e490000,0x000000003e4c0000)
 PSOldGen        total 150528K, used 128887K [0x00000000341f0000, 0x000000003d4f0000, 0x000000003d4f0000)
  object space 150528K, 85% used [0x00000000341f0000,0x000000003bfcdf58,0x000000003d4f0000)
 PSPermGen       total 107648K, used 67183K [0x000000002c1f0000, 0x0000000032b10000, 0x00000000341f0000)
  object space 107648K, 62% used [0x000000002c1f0000,0x000000003038be90,0x0000000032b10000)

Dynamic libraries:
0x000000013fb60000 - 0x000000013fb92000 	C:\Program Files\MATLAB\R2012a\bin\win64\MATLAB.exe
0x0000000077b80000 - 0x0000000077d29000 	C:\Windows\SYSTEM32\ntdll.dll
0x0000000077960000 - 0x0000000077a7f000 	C:\Windows\system32\kernel32.dll
0x000007fefcd30000 - 0x000007fefcd9c000 	C:\Windows\system32\KERNELBASE.dll
0x0000000074460000 - 0x0000000074554000 	C:\Program Files\MATLAB\R2012a\bin\win64\libut.dll
0x00000000758a0000 - 0x0000000075952000 	C:\Program Files\MATLAB\R2012a\bin\win64\libmwi18n.dll
0x0000000180000000 - 0x000000018000b000 	C:\Program Files\MATLAB\R2012a\bin\win64\libmwresource_core.dll
0x000000006fdb0000 - 0x000000006fe83000 	C:\Windows\WinSxS\amd64_microsoft.vc90.crt_1fc8b3b9a1e18e3b_9.0.30729.6161_none_08e61857a83bc251\MSVCP90.dll
0x00000000756d0000 - 0x0000000075773000 	C:\Windows\WinSxS\amd64_microsoft.vc90.crt_1fc8b3b9a1e18e3b_9.0.30729.6161_none_08e61857a83bc251\MSVCR90.dll
0x000000007a170000 - 0x000000007a19c000 	C:\Program Files\MATLAB\R2012a\bin\win64\boost_filesystem-vc90-mt-1_44.dll
0x000000007a560000 - 0x000000007a569000 	C:\Program Files\MATLAB\R2012a\bin\win64\boost_system-vc90-mt-1_44.dll
0x000007fefe850000 - 0x000007fefe92b000 	C:\Windows\system32\ADVAPI32.dll
0x000007fefed80000 - 0x000007fefee1f000 	C:\Windows\system32\msvcrt.dll
0x000007fefcf60000 - 0x000007fefcf7f000 	C:\Windows\SYSTEM32\sechost.dll
0x000007fefea40000 - 0x000007fefeb6d000 	C:\Windows\system32\RPCRT4.dll
0x000000007a010000 - 0x000000007a035000 	C:\Program Files\MATLAB\R2012a\bin\win64\LIBEXPAT.dll
0x0000000054eb0000 - 0x00000000550a1000 	C:\Program Files\MATLAB\R2012a\bin\win64\icuin44.dll
0x0000000055150000 - 0x00000000552c1000 	C:\Program Files\MATLAB\R2012a\bin\win64\icuuc44.dll
0x0000000010000000 - 0x0000000010e41000 	C:\Program Files\MATLAB\R2012a\bin\win64\icudt44.dll
0x0000000073f70000 - 0x00000000740ad000 	C:\Program Files\MATLAB\R2012a\bin\win64\libmwfl.dll
0x0000000004440000 - 0x0000000004736000 	C:\Program Files\MATLAB\R2012a\bin\win64\libmwMATLAB_res.dll
0x000000007a3b0000 - 0x000000007a3c0000 	C:\Program Files\MATLAB\R2012a\bin\win64\boost_date_time-vc90-mt-1_44.dll
0x000000007a250000 - 0x000000007a263000 	C:\Program Files\MATLAB\R2012a\bin\win64\boost_signals-vc90-mt-1_44.dll
0x000000007a2d0000 - 0x000000007a2e2000 	C:\Program Files\MATLAB\R2012a\bin\win64\boost_thread-vc90-mt-1_44.dll
0x00000000041b0000 - 0x00000000041f6000 	C:\Program Files\MATLAB\R2012a\bin\win64\tbb.dll
0x000007fefee20000 - 0x000007fefee39000 	C:\Windows\system32\imagehlp.dll
0x0000000077d50000 - 0x0000000077d57000 	C:\Windows\system32\PSAPI.DLL
0x000000005fd30000 - 0x000000005fd43000 	C:\Program Files\MATLAB\R2012a\bin\win64\icuio44.dll
0x000007fef3210000 - 0x000007fef3335000 	C:\Windows\system32\dbghelp.dll
0x0000000077a80000 - 0x0000000077b7a000 	C:\Windows\system32\USER32.dll
0x000007fefe1f0000 - 0x000007fefe257000 	C:\Windows\system32\GDI32.dll
0x000007fefe5a0000 - 0x000007fefe5ae000 	C:\Windows\system32\LPK.dll
0x000007fefce90000 - 0x000007fefcf59000 	C:\Windows\system32\USP10.dll
0x000000007bed0000 - 0x000000007c183000 	C:\Program Files\MATLAB\R2012a\bin\win64\libmwservices.dll
0x0000000075a20000 - 0x0000000075ae2000 	C:\Program Files\MATLAB\R2012a\bin\win64\libmx.dll
0x000000007a210000 - 0x000000007a228000 	C:\Program Files\MATLAB\R2012a\bin\win64\zlib1.dll
0x0000000004250000 - 0x0000000004271000 	C:\Program Files\MATLAB\R2012a\bin\win64\libmwmfl_scalar.dll
0x0000000075f10000 - 0x0000000075f5d000 	C:\Program Files\MATLAB\R2012a\bin\win64\mpath.dll
0x000000007b680000 - 0x000000007bbe1000 	C:\Program Files\MATLAB\R2012a\bin\win64\mlutil.dll
0x0000000057280000 - 0x00000000572ff000 	C:\Program Files\MATLAB\R2012a\bin\win64\xmlcore.dll
0x000000007bc30000 - 0x000000007be83000 	C:\Program Files\MATLAB\R2012a\bin\win64\xerces-c_2_7.dll
0x000007fefce40000 - 0x000007fefce8d000 	C:\Windows\system32\WS2_32.dll
0x000007fefe0b0000 - 0x000007fefe0b8000 	C:\Windows\system32\NSI.dll
0x00000000042d0000 - 0x00000000042ea000 	C:\Program Files\MATLAB\R2012a\bin\win64\libmwMATLAB_settings_res.dll
0x0000000004740000 - 0x0000000004787000 	C:\Program Files\MATLAB\R2012a\bin\win64\boost_serialization-vc90-mt-1_44.dll
0x000007fefd020000 - 0x000007fefdda8000 	C:\Windows\system32\SHELL32.dll
0x000007fefde50000 - 0x000007fefdec1000 	C:\Windows\system32\SHLWAPI.dll
0x000007fef5d20000 - 0x000007fef5dc0000 	C:\Windows\WinSxS\amd64_microsoft.windows.common-controls_6595b64144ccf1df_5.82.7601.18201_none_a4d3b9377117c3df\COMCTL32.dll
0x000007fefddb0000 - 0x000007fefde47000 	C:\Windows\system32\COMDLG32.dll
0x000007fefa010000 - 0x000007fefa026000 	C:\Windows\system32\NETAPI32.dll
0x000007fefa000000 - 0x000007fefa00c000 	C:\Windows\system32\netutils.dll
0x000007fefc510000 - 0x000007fefc533000 	C:\Windows\system32\srvcli.dll
0x000007fef9fc0000 - 0x000007fef9fd5000 	C:\Windows\system32\wkscli.dll
0x000007fefeb70000 - 0x000007fefed73000 	C:\Windows\system32\ole32.dll
0x000007fefe4c0000 - 0x000007fefe597000 	C:\Windows\system32\OLEAUT32.dll
0x0000000074970000 - 0x0000000074b06000 	C:\Program Files\MATLAB\R2012a\bin\win64\mcr.dll
0x0000000075000000 - 0x000000007536b000 	C:\Program Files\MATLAB\R2012a\bin\win64\iqm.dll
0x0000000054680000 - 0x0000000054ea1000 	C:\Program Files\MATLAB\R2012a\bin\win64\m_interpreter.dll
0x000000005ca50000 - 0x000000005ca75000 	C:\Program Files\MATLAB\R2012a\bin\win64\libmex.dll
0x00000000545c0000 - 0x0000000054673000 	C:\Program Files\MATLAB\R2012a\bin\win64\m_dispatcher.dll
0x0000000074880000 - 0x000000007496d000 	C:\Program Files\MATLAB\R2012a\bin\win64\boost_regex-vc90-mt-1_44.dll
0x0000000054530000 - 0x00000000545b4000 	C:\Program Files\MATLAB\R2012a\bin\win64\profiler.dll
0x00000000047d0000 - 0x0000000004a25000 	C:\Program Files\MATLAB\R2012a\bin\win64\libmwmathutil.dll
0x0000000079f40000 - 0x0000000079f6d000 	C:\Program Files\MATLAB\R2012a\bin\win64\libmwmathrng.dll
0x0000000074c10000 - 0x0000000074ced000 	C:\Program Files\MATLAB\R2012a\bin\win64\libmwmathcore.dll
0x0000000076160000 - 0x00000000761cb000 	C:\Program Files\MATLAB\R2012a\bin\win64\libmwspmatrix.dll
0x0000000075ea0000 - 0x0000000075f02000 	C:\Program Files\MATLAB\R2012a\bin\win64\libmwcholmod.dll
0x000000007a460000 - 0x000000007a46d000 	C:\Program Files\MATLAB\R2012a\bin\win64\libmwamd.dll
0x000000007a4b0000 - 0x000000007a4bc000 	C:\Program Files\MATLAB\R2012a\bin\win64\libmwcolamd.dll
0x000000005f160000 - 0x000000005f179000 	C:\Program Files\MATLAB\R2012a\bin\win64\libmwblas.dll
0x00000000586e0000 - 0x00000000586f2000 	C:\Program Files\MATLAB\R2012a\bin\win64\libmwbinder.dll
0x00000000616c0000 - 0x00000000616cb000 	C:\Program Files\MATLAB\R2012a\bin\win64\libmwompwrapper.dll
0x00000000544a0000 - 0x0000000054526000 	C:\Program Files\MATLAB\R2012a\bin\win64\libmwlapack.dll
0x00000000586b0000 - 0x00000000586d1000 	C:\Program Files\MATLAB\R2012a\bin\win64\m_pcodeio.dll
0x0000000079b10000 - 0x0000000079b77000 	C:\Program Files\MATLAB\R2012a\bin\win64\m_ir.dll
0x0000000053e50000 - 0x00000000544a0000 	C:\Program Files\MATLAB\R2012a\bin\win64\m_parser.dll
0x0000000057260000 - 0x000000005727a000 	C:\Program Files\MATLAB\R2012a\bin\win64\ir_xfmr.dll
0x0000000053bd0000 - 0x0000000053e49000 	C:\Program Files\MATLAB\R2012a\bin\win64\mcos.dll
0x00000000586a0000 - 0x00000000586ac000 	C:\Program Files\MATLAB\R2012a\bin\win64\mtok.dll
0x0000000055110000 - 0x0000000055141000 	C:\Program Files\MATLAB\R2012a\bin\win64\m_pcodegen.dll
0x0000000079fb0000 - 0x0000000079fe7000 	C:\Program Files\MATLAB\R2012a\bin\win64\libmwbridge.dll
0x0000000053b00000 - 0x0000000053bc8000 	C:\Program Files\MATLAB\R2012a\bin\win64\udd.dll
0x00000000539a0000 - 0x0000000053af2000 	C:\Program Files\MATLAB\R2012a\bin\win64\libmwgui.dll
0x00000000550f0000 - 0x0000000055107000 	C:\Program Files\MATLAB\R2012a\bin\win64\graphics_util.dll
0x00000000528b0000 - 0x0000000053253000 	C:\Program Files\MATLAB\R2012a\bin\win64\hg.dll
0x0000000004ba0000 - 0x0000000004c07000 	C:\Program Files\MATLAB\R2012a\bin\win64\libmat.dll
0x0000000072d30000 - 0x0000000072f44000 	C:\Program Files\MATLAB\R2012a\bin\win64\hdf5dll.dll
0x0000000004c30000 - 0x0000000004ce1000 	C:\Program Files\MATLAB\R2012a\bin\win64\jmi.dll
0x0000000004d00000 - 0x0000000004d0e000 	C:\Program Files\MATLAB\R2012a\bin\win64\nativejava_services.dll
0x0000000053950000 - 0x0000000053992000 	C:\Program Files\MATLAB\R2012a\bin\win64\libmwhardcopy.dll
0x00000000538f0000 - 0x000000005394a000 	C:\Program Files\MATLAB\R2012a\bin\win64\libuij.dll
0x00000000536e0000 - 0x00000000538ec000 	C:\Program Files\MATLAB\R2012a\bin\win64\hgdatatypes.dll
0x00000000535e0000 - 0x00000000536dd000 	C:\Program Files\MATLAB\R2012a\bin\win64\hgutils.dll
0x0000000053520000 - 0x00000000535dd000 	C:\Program Files\MATLAB\R2012a\bin\win64\udd_mi.dll
0x0000000004d70000 - 0x0000000004dab000 	C:\Program Files\MATLAB\R2012a\bin\win64\libmwgbtutils.dll
0x0000000004dc0000 - 0x0000000004dd9000 	C:\Program Files\MATLAB\R2012a\bin\win64\libmwgbt.dll
0x0000000004df0000 - 0x00000000050ba000 	C:\Program Files\MATLAB\R2012a\bin\win64\uiw.dll
0x0000000057250000 - 0x000000005725f000 	C:\Program Files\MATLAB\R2012a\bin\win64\uinone.dll
0x000007fef5ce0000 - 0x000007fef5cf8000 	C:\Windows\system32\MPR.dll
0x00000000523c0000 - 0x00000000528a4000 	C:\Windows\WinSxS\amd64_microsoft.vc90.mfc_1fc8b3b9a1e18e3b_9.0.30729.6161_none_044aad0bab1eb146\mfc90.dll
0x000007fefbcf0000 - 0x000007fefbcf7000 	C:\Windows\system32\MSIMG32.dll
0x000007fefa290000 - 0x000007fefa301000 	C:\Windows\system32\WINSPOOL.DRV
0x0000000053500000 - 0x0000000053520000 	C:\Program Files\MATLAB\R2012a\bin\win64\mwoles05.DLL
0x0000000053480000 - 0x00000000534fc000 	C:\Program Files\MATLAB\R2012a\bin\win64\comcli.dll
0x0000000052390000 - 0x00000000523bf000 	C:\Windows\WinSxS\amd64_microsoft.vc90.atl_1fc8b3b9a1e18e3b_9.0.30729.6161_none_0a1fd3a3a768b895\ATL90.DLL
0x0000000052380000 - 0x000000005238c000 	C:\Program Files\MATLAB\R2012a\bin\win64\mlautoregister.dll
0x0000000005110000 - 0x0000000005120000 	C:\Program Files\MATLAB\R2012a\bin\win64\boost_iostreams-vc90-mt-1_44.dll
0x000007fefc900000 - 0x000007fefc957000 	C:\Windows\system32\apphelp.dll
0x000007fef9f40000 - 0x000007fef9f91000 	C:\Windows\AppPatch\AppPatch64\AcGenral.DLL
0x000007fefc8d0000 - 0x000007fefc8f5000 	C:\Windows\system32\SspiCli.dll
0x0000000070940000 - 0x0000000070943000 	C:\Windows\system32\sfc.dll
0x000007fef83b0000 - 0x000007fef83c0000 	C:\Windows\system32\sfc_os.DLL
0x000007fefb9d0000 - 0x000007fefb9ee000 	C:\Windows\system32\USERENV.dll
0x000007fefca30000 - 0x000007fefca3f000 	C:\Windows\system32\profapi.dll
0x000007fefaf50000 - 0x000007fefaf68000 	C:\Windows\system32\dwmapi.dll
0x000007fefe5b0000 - 0x000007fefe5de000 	C:\Windows\system32\IMM32.DLL
0x000007fefe930000 - 0x000007fefea39000 	C:\Windows\system32\MSCTF.dll
0x000007fefaf80000 - 0x000007fefafd6000 	C:\Windows\system32\UxTheme.dll
0x0000000052370000 - 0x000000005237d000 	C:\Windows\WinSxS\amd64_microsoft.vc90.mfcloc_1fc8b3b9a1e18e3b_9.0.30729.6161_none_01c9581e60cbee58\MFC90ENU.DLL
0x000007fef8060000 - 0x000007fef80e9000 	C:\Program Files (x86)\AVG\AVG2015\avghooka.dll
0x0000000005340000 - 0x0000000005369000 	C:\Program Files\MATLAB\R2012a\bin\win64\tbbmalloc.dll
0x0000000078870000 - 0x0000000078ecd000 	C:\Program Files\MATLAB\R2012a\sys\java\jre\win64\jre\bin\server\jvm.dll
0x000007fefaf10000 - 0x000007fefaf4b000 	C:\Windows\system32\WINMM.dll
0x000007fefb890000 - 0x000007fefb8b7000 	C:\Windows\system32\iphlpapi.dll
0x000007fefb880000 - 0x000007fefb88b000 	C:\Windows\system32\WINNSI.DLL
0x000007fefc120000 - 0x000007fefc17b000 	C:\Windows\system32\DNSAPI.dll
0x000007fef9fe0000 - 0x000007fef9ff8000 	C:\Windows\system32\dhcpcsvc.DLL
0x000007fef9f10000 - 0x000007fef9f21000 	C:\Windows\system32\dhcpcsvc6.DLL

VM Arguments:
jvm_args: -Xss512k -XX:PermSize=32m -Xms64m -XX:NewRatio=3 -XX:MaxPermSize=128m -Xmx196m -XX:MaxDirectMemorySize=2147400000 -Dsun.java2d.noddraw=true -Dsun.awt.nopixfmt=true -Xshare:off -Xrs -Dsun.awt.disableMixing=true -Djava.library.path=C:\Program Files\MATLAB\R2012a\bin\win64 vfprintf abort 
java_command: <unknown>
Launcher Type: generic

Environment Variables:
CLASSPATH=.;C:\Program Files (x86)\QuickTime\QTSystem\QTJava.zip
PATH=C:\Program Files\Broadcom\Broadcom 802.11 Network Adapter\Driver;;C:\Program Files\Common Files\Microsoft Shared\Windows Live;C:\Program Files (x86)\Common Files\Microsoft Shared\Windows Live;C:\Program Files (x86)\Intel\iCLS Client\;C:\Program Files\Intel\iCLS Client\;C:\Windows\system32;C:\Windows;C:\Windows\System32\Wbem;C:\Windows\System32\WindowsPowerShell\v1.0\;C:\Program Files\Intel\Intel(R) Management Engine Components\DAL;C:\Program Files\Intel\Intel(R) Management Engine Components\IPT;C:\Program Files (x86)\Intel\Intel(R) Management Engine Components\DAL;C:\Program Files (x86)\Intel\Intel(R) Management Engine Components\IPT;C:\Program Files\Lenovo\Bluetooth Software\;C:\Program Files\Lenovo\Bluetooth Software\syswow64;C:\Program Files\Diskeeper Corporation\ExpressCache\;C:\Program Files\Common Files\Lenovo;C:\Program Files (x86)\Windows Live\Shared;C:\SWTOOLS\ReadyApps;C:\Program Files (x86)\Symantec\VIP Access Client\;C:\Program Files (x86)\Common Files\Lenovo;C:\Program Files\MATLAB\R2012a\runtime\win64;C:\Program Files\MATLAB\R2012a\bin;C:\Program Files\MiKTeX 2.9\miktex\bin\x64\;C:\Program Files (x86)\Git\cmd;C:\Program Files (x86)\Intel\OpenCL SDK\2.0\bin\x86;C:\Program Files (x86)\Intel\OpenCL SDK\2.0\bin\x64;C:\Program Files\Microsoft Windows Performance Toolkit\;C:\Program Files (x86)\QuickTime\QTSystem\;C:\Program Files (x86)\nodejs\;C:\Program Files (x86)\Heroku\bin;C:\Program Files (x86)\git\cmd;C:\Program Files\PostgreSQL\9.3\bin;C:\curl;C:\MinGW\bin;C:\Users\Max Yi Ren\AppData\Roaming\npm
USERNAME=Max Yi Ren
OS=Windows_NT
PROCESSOR_IDENTIFIER=Intel64 Family 6 Model 58 Stepping 9, GenuineIntel



---------------  S Y S T E M  ---------------

OS: Windows 7 Build 7601 Service Pack 1

CPU:total 4 (8 cores per cpu, 2 threads per core) family 6 model 58 stepping 9, cmov, cx8, fxsr, mmx, sse, sse2, sse3, ssse3, sse4.1, sse4.2, ht

Memory: 4k page, physical 8104172k(902568k free), swap 24428944k(2128720k free)

vm_info: Java HotSpot(TM) 64-Bit Server VM (14.3-b01) for windows-amd64 JRE (1.6.0_17-b04), built on Oct 11 2009 00:46:08 by "java_re" with MS VC++ 8.0

time: Sat Jan 03 23:43:35 2015
elapsed time: 198032 seconds

