#
# A fatal error has been detected by the Java Runtime Environment:
#
#  EXCEPTION_ACCESS_VIOLATION (0xc0000005) at pc=0x000000007322c750, pid=27820, tid=31888
#
# JRE version: 6.0_17-b04
# Java VM: Java HotSpot(TM) 64-Bit Server VM (14.3-b01 mixed mode windows-amd64 )
# Problematic frame:
# C  0x000000007322c750
#
# If you would like to submit a bug report, please visit:
#   http://java.sun.com/webapps/bugreport/crash.jsp
# The crash happened outside the Java Virtual Machine in native code.
# See problematic frame for where to report the bug.
#

---------------  T H R E A D  ---------------

Current thread (0x000000000f4d6000):  JavaThread "AWT-EventQueue-0" [_thread_in_native, id=31888, stack(0x000000001d1d0000,0x000000001d250000)]

siginfo: ExceptionCode=0xc0000005, reading address 0x0000000000000008

Registers:
EAX=0x000000000000000d, EBX=0x000000000f4d61b8, ECX=0x0000000000000000, EDX=0xffffffffc5012b78
ESP=0x000000001d24e148, EBP=0x0000000070c44450, ESI=0x000000000f4d61b8, EDI=0x0000000070361130
EIP=0x000000007322c750, EFLAGS=0x0000000000010202

Top of Stack: (sp=0x000000001d24e148)
0x000000001d24e148:   00000000731d589c 0000000000000000
0x000000001d24e158:   000000000f4d61b8 0000000070c44450
0x000000001d24e168:   000000000f4d61b8 000000002d4ceacf
0x000000001d24e178:   000000000f4d61b8 000000003046d148
0x000000001d24e188:   00000000731b3810 000000000f4d61b8
0x000000001d24e198:   000000001d24e840 000000001d24e818
0x000000001d24e1a8:   0000000070c44450 000000002965e848
0x000000001d24e1b8:   00000000731d2151 00000000342b8f08
0x000000001d24e1c8:   000000001d24e820 0000000000000000
0x000000001d24e1d8:   000000001d24e818 0000000000000556
0x000000001d24e1e8:   0000000000000000 00000000350626e0
0x000000001d24e1f8:   000000003e732d78 00000000342b8c10
0x000000001d24e208:   0000000000000007 0000000100000000
0x000000001d24e218:   0000000000000000 0000000000000000
0x000000001d24e228:   0000000000000014 0000000000000010
0x000000001d24e238:   0000000000000018 000000000000001c 

Instructions: (pc=0x000000007322c750)
0x000000007322c740:   48 8b 41 08 48 8b 80 18 0c 00 00 c3 cc cc cc cc
0x000000007322c750:   48 8b 49 08 48 85 c9 74 05 e9 72 f6 fd ff 33 c0 


Stack: [0x000000001d1d0000,0x000000001d250000],  sp=0x000000001d24e148,  free space=504k
Native frames: (J=compiled Java code, j=interpreted, Vv=VM code, C=native code)
C  0x000000007322c750

Java frames: (J=compiled Java code, j=interpreted, Vv=VM code)
J  sun.java2d.windows.GDIBlitLoops.nativeBlit(Lsun/java2d/SurfaceData;Lsun/java2d/SurfaceData;Lsun/java2d/pipe/Region;IIIIIIIIIZ)V
J  sun.java2d.windows.GDIBlitLoops.Blit(Lsun/java2d/SurfaceData;Lsun/java2d/SurfaceData;Ljava/awt/Composite;Lsun/java2d/pipe/Region;IIIIII)V
J  sun.java2d.pipe.DrawImage.copyImage(Lsun/java2d/SunGraphics2D;Ljava/awt/Image;IILjava/awt/Color;Ljava/awt/image/ImageObserver;)Z
J  sun.java2d.SunGraphics2D.drawImage(Ljava/awt/Image;IILjava/awt/Color;Ljava/awt/image/ImageObserver;)Z
J  javax.swing.RepaintManager$PaintManager.paintDoubleBuffered(Ljavax/swing/JComponent;Ljava/awt/Image;Ljava/awt/Graphics;IIII)V
J  javax.swing.RepaintManager$PaintManager.paint(Ljavax/swing/JComponent;Ljavax/swing/JComponent;Ljava/awt/Graphics;IIII)Z
j  javax.swing.RepaintManager.paint(Ljavax/swing/JComponent;Ljavax/swing/JComponent;Ljava/awt/Graphics;IIII)V+52
J  javax.swing.JComponent.paint(Ljava/awt/Graphics;)V
j  java.awt.GraphicsCallback$PaintCallback.run(Ljava/awt/Component;Ljava/awt/Graphics;)V+2
j  sun.awt.SunGraphicsCallback.runOneComponent(Ljava/awt/Component;Ljava/awt/Rectangle;Ljava/awt/Graphics;Ljava/awt/Shape;I)V+155
j  sun.awt.SunGraphicsCallback.runComponents([Ljava/awt/Component;Ljava/awt/Graphics;I)V+104
j  java.awt.Container.paint(Ljava/awt/Graphics;)V+73
J  javax.swing.RepaintManager.paintDirtyRegions(Ljava/util/Map;)V
j  javax.swing.RepaintManager.paintDirtyRegions()V+46
j  javax.swing.RepaintManager.seqPaintDirtyRegions()V+73
j  javax.swing.SystemEventQueueUtilities$ComponentWorkRequest.run()V+36
J  java.awt.EventDispatchThread.pumpOneEventForFilters(I)Z
J  java.awt.EventDispatchThread.pumpEventsForFilter(ILjava/awt/Conditional;Ljava/awt/EventFilter;)V
j  java.awt.EventDispatchThread.pumpEventsForHierarchy(ILjava/awt/Conditional;Ljava/awt/Component;)V+11
j  java.awt.EventDispatchThread.pumpEvents(ILjava/awt/Conditional;)V+4
j  java.awt.EventDispatchThread.pumpEvents(Ljava/awt/Conditional;)V+3
j  java.awt.EventDispatchThread.run()V+9
v  ~StubRoutines::call_stub

---------------  P R O C E S S  ---------------

Java Threads: ( => current thread )
  0x0000000070cf8800 JavaThread "Foxtrot Single Worker Thread #1" daemon [_thread_blocked, id=69136, stack(0x0000000063160000,0x00000000631e0000)]
  0x000000000f918000 JavaThread "Code Analyzer updating thread" [_thread_blocked, id=68940, stack(0x0000000026400000,0x0000000026480000)]
  0x000000000f915800 JavaThread "Code Analyzer updating thread" [_thread_blocked, id=68328, stack(0x0000000059050000,0x00000000590d0000)]
  0x000000000f916800 JavaThread "Prefs Updater" daemon [_thread_blocked, id=64816, stack(0x000000005ee10000,0x000000005ee90000)]
  0x000000000ec06800 JavaThread "Timer-49" [_thread_blocked, id=33184, stack(0x0000000061f50000,0x0000000061fd0000)]
  0x000000000f918800 JavaThread "pool-8-thread-1" [_thread_blocked, id=49000, stack(0x0000000025cf0000,0x0000000025d70000)]
  0x000000000f915000 JavaThread "Code Analyzer updating thread" [_thread_blocked, id=47600, stack(0x0000000062f80000,0x0000000063000000)]
  0x000000000f914000 JavaThread "Code Analyzer updating thread" [_thread_blocked, id=49424, stack(0x0000000063050000,0x00000000630d0000)]
  0x000000000f913800 JavaThread "Code Analyzer updating thread" [_thread_blocked, id=42880, stack(0x0000000062210000,0x0000000062290000)]
  0x000000000f912800 JavaThread "Code Analyzer updating thread" [_thread_blocked, id=46124, stack(0x0000000062580000,0x0000000062600000)]
  0x000000000f912000 JavaThread "Code Analyzer updating thread" [_thread_blocked, id=48852, stack(0x00000000624a0000,0x0000000062520000)]
  0x000000000f911800 JavaThread "Active Reference Queue Daemon" daemon [_thread_blocked, id=34632, stack(0x0000000062370000,0x00000000623f0000)]
  0x000000000ec0a000 JavaThread "Timer-9" daemon [_thread_blocked, id=49404, stack(0x00000000622a0000,0x0000000062320000)]
  0x000000000ec0a800 JavaThread "Timer-8" daemon [_thread_blocked, id=48328, stack(0x0000000061e50000,0x0000000061ed0000)]
  0x000000000ec08800 JavaThread "Explorer NavigationContext request queue" [_thread_blocked, id=49108, stack(0x0000000062050000,0x00000000620d0000)]
  0x000000000ec07000 JavaThread "AddressBar directory emptiness poller" [_thread_blocked, id=49524, stack(0x00000000620f0000,0x0000000062170000)]
  0x000000000ec05800 JavaThread "Timer-1" [_thread_blocked, id=24056, stack(0x0000000061ed0000,0x0000000061f50000)]
  0x000000000ec05000 JavaThread "TimerQueue" daemon [_thread_blocked, id=48580, stack(0x0000000054eb0000,0x0000000054f30000)]
  0x000000000ec04000 JavaThread "FelixPackageAdmin" daemon [_thread_blocked, id=50060, stack(0x0000000050d30000,0x0000000050db0000)]
  0x000000000ec03800 JavaThread "FelixStartLevel" daemon [_thread_blocked, id=49456, stack(0x000000004cc10000,0x000000004cc90000)]
  0x000000000f255800 JavaThread "FelixDispatchQueue" daemon [_thread_blocked, id=48608, stack(0x0000000048aa0000,0x0000000048b20000)]
=>0x000000000f4d6000 JavaThread "AWT-EventQueue-0" [_thread_in_native, id=31888, stack(0x000000001d1d0000,0x000000001d250000)]
  0x000000000e9fc800 JavaThread "com.google.common.base.internal.Finalizer" daemon [_thread_blocked, id=31284, stack(0x0000000019040000,0x00000000190c0000)]
  0x000000000f02c800 JavaThread "AWT-Windows" daemon [_thread_in_native, id=49684, stack(0x000000000fe80000,0x000000000ff00000)]
  0x000000000f02c000 JavaThread "AWT-Shutdown" [_thread_blocked, id=48980, stack(0x000000000fca0000,0x000000000fd20000)]
  0x000000000e1cf800 JavaThread "Java2D Disposer" daemon [_thread_blocked, id=49440, stack(0x000000000f9f0000,0x000000000fa70000)]
  0x000000000ec4c000 JavaThread "Timer-0" [_thread_blocked, id=49244, stack(0x000000000faa0000,0x000000000fb20000)]
  0x000000000e9e0800 JavaThread "EventMgr Dispatcher" daemon [_thread_in_native, id=48704, stack(0x0000000010e70000,0x0000000014e70000)]
  0x000000000d885800 JavaThread "Low Memory Detector" daemon [_thread_blocked, id=49384, stack(0x000000000dd80000,0x000000000de00000)]
  0x000000000d884000 JavaThread "CompilerThread1" daemon [_thread_blocked, id=48656, stack(0x00000000590d0000,0x000000005d0d0000)]
  0x000000000d878000 JavaThread "CompilerThread0" daemon [_thread_blocked, id=47400, stack(0x0000000054f40000,0x0000000058f40000)]
  0x000000000d877000 JavaThread "Attach Listener" daemon [_thread_blocked, id=49572, stack(0x000000000dc20000,0x000000000dca0000)]
  0x000000000d815000 JavaThread "Finalizer" daemon [_thread_blocked, id=34292, stack(0x000000000db10000,0x000000000db90000)]
  0x000000000d814000 JavaThread "Reference Handler" daemon [_thread_blocked, id=49788, stack(0x000000000d9f0000,0x000000000da70000)]
  0x00000000054de800 JavaThread "main" [_thread_in_native, id=45692, stack(0x00000000000e0000,0x00000000040e0000)]

Other Threads:
  0x000000000d811000 VMThread [stack: 0x0000000050eb0000,0x0000000054eb0000] [id=47768]
  0x000000000d8b3800 WatcherThread [stack: 0x00000000651f0000,0x00000000691f0000] [id=42940]

VM state:not at safepoint (normal execution)

VM Mutex/Monitor currently owned by a thread: None

Heap
 PSYoungGen      total 49984K, used 18448K [0x000000003d590000, 0x0000000040690000, 0x0000000040690000)
  eden space 49792K, 36% used [0x000000003d590000,0x000000003e768e38,0x0000000040630000)
  from space 192K, 90% used [0x0000000040630000,0x000000004065b490,0x0000000040660000)
  to   space 192K, 0% used [0x0000000040660000,0x0000000040660000,0x0000000040690000)
 PSOldGen        total 130112K, used 116641K [0x0000000034290000, 0x000000003c1a0000, 0x000000003d590000)
  object space 130112K, 89% used [0x0000000034290000,0x000000003b478660,0x000000003c1a0000)
 PSPermGen       total 67840K, used 67461K [0x000000002c290000, 0x00000000304d0000, 0x0000000034290000)
  object space 67840K, 99% used [0x000000002c290000,0x0000000030471788,0x00000000304d0000)

Dynamic libraries:
0x000000013f970000 - 0x000000013f9a2000 	C:\Program Files\MATLAB\R2012a\bin\win64\MATLAB.exe
0x00000000772d0000 - 0x0000000077479000 	C:\Windows\SYSTEM32\ntdll.dll
0x00000000770b0000 - 0x00000000771cf000 	C:\Windows\system32\kernel32.dll
0x000007fefc350000 - 0x000007fefc3bc000 	C:\Windows\system32\KERNELBASE.dll
0x0000000074460000 - 0x0000000074554000 	C:\Program Files\MATLAB\R2012a\bin\win64\libut.dll
0x00000000758a0000 - 0x0000000075952000 	C:\Program Files\MATLAB\R2012a\bin\win64\libmwi18n.dll
0x0000000180000000 - 0x000000018000b000 	C:\Program Files\MATLAB\R2012a\bin\win64\libmwresource_core.dll
0x000000006fc00000 - 0x000000006fcd3000 	C:\Windows\WinSxS\amd64_microsoft.vc90.crt_1fc8b3b9a1e18e3b_9.0.30729.6161_none_08e61857a83bc251\MSVCP90.dll
0x0000000074e20000 - 0x0000000074ec3000 	C:\Windows\WinSxS\amd64_microsoft.vc90.crt_1fc8b3b9a1e18e3b_9.0.30729.6161_none_08e61857a83bc251\MSVCR90.dll
0x000000007a170000 - 0x000000007a19c000 	C:\Program Files\MATLAB\R2012a\bin\win64\boost_filesystem-vc90-mt-1_44.dll
0x000000007a560000 - 0x000000007a569000 	C:\Program Files\MATLAB\R2012a\bin\win64\boost_system-vc90-mt-1_44.dll
0x000007fefe200000 - 0x000007fefe2db000 	C:\Windows\system32\ADVAPI32.dll
0x000007fefe2e0000 - 0x000007fefe37f000 	C:\Windows\system32\msvcrt.dll
0x000007fefd540000 - 0x000007fefd55f000 	C:\Windows\SYSTEM32\sechost.dll
0x000007fefe460000 - 0x000007fefe58d000 	C:\Windows\system32\RPCRT4.dll
0x000000007a010000 - 0x000000007a035000 	C:\Program Files\MATLAB\R2012a\bin\win64\LIBEXPAT.dll
0x0000000062b60000 - 0x0000000062d51000 	C:\Program Files\MATLAB\R2012a\bin\win64\icuin44.dll
0x0000000062de0000 - 0x0000000062f51000 	C:\Program Files\MATLAB\R2012a\bin\win64\icuuc44.dll
0x0000000010000000 - 0x0000000010e41000 	C:\Program Files\MATLAB\R2012a\bin\win64\icudt44.dll
0x0000000073f70000 - 0x00000000740ad000 	C:\Program Files\MATLAB\R2012a\bin\win64\libmwfl.dll
0x0000000004360000 - 0x0000000004656000 	C:\Program Files\MATLAB\R2012a\bin\win64\libmwMATLAB_res.dll
0x000000007a3b0000 - 0x000000007a3c0000 	C:\Program Files\MATLAB\R2012a\bin\win64\boost_date_time-vc90-mt-1_44.dll
0x000000007a250000 - 0x000000007a263000 	C:\Program Files\MATLAB\R2012a\bin\win64\boost_signals-vc90-mt-1_44.dll
0x000000007a2d0000 - 0x000000007a2e2000 	C:\Program Files\MATLAB\R2012a\bin\win64\boost_thread-vc90-mt-1_44.dll
0x00000000041b0000 - 0x00000000041f6000 	C:\Program Files\MATLAB\R2012a\bin\win64\tbb.dll
0x000007fefdd30000 - 0x000007fefdd49000 	C:\Windows\system32\imagehlp.dll
0x00000000774a0000 - 0x00000000774a7000 	C:\Windows\system32\PSAPI.DLL
0x00000000747c0000 - 0x00000000747d3000 	C:\Program Files\MATLAB\R2012a\bin\win64\icuio44.dll
0x000007fef38d0000 - 0x000007fef39f5000 	C:\Windows\system32\dbghelp.dll
0x00000000771d0000 - 0x00000000772ca000 	C:\Windows\system32\USER32.dll
0x000007fefdcc0000 - 0x000007fefdd27000 	C:\Windows\system32\GDI32.dll
0x000007fefc590000 - 0x000007fefc59e000 	C:\Windows\system32\LPK.dll
0x000007fefd8a0000 - 0x000007fefd969000 	C:\Windows\system32\USP10.dll
0x000000007bed0000 - 0x000000007c183000 	C:\Program Files\MATLAB\R2012a\bin\win64\libmwservices.dll
0x0000000075a20000 - 0x0000000075ae2000 	C:\Program Files\MATLAB\R2012a\bin\win64\libmx.dll
0x000000007a210000 - 0x000000007a228000 	C:\Program Files\MATLAB\R2012a\bin\win64\zlib1.dll
0x0000000004660000 - 0x0000000004681000 	C:\Program Files\MATLAB\R2012a\bin\win64\libmwmfl_scalar.dll
0x0000000075f10000 - 0x0000000075f5d000 	C:\Program Files\MATLAB\R2012a\bin\win64\mpath.dll
0x000000007b680000 - 0x000000007bbe1000 	C:\Program Files\MATLAB\R2012a\bin\win64\mlutil.dll
0x0000000064b10000 - 0x0000000064b8f000 	C:\Program Files\MATLAB\R2012a\bin\win64\xmlcore.dll
0x000000007bc30000 - 0x000000007be83000 	C:\Program Files\MATLAB\R2012a\bin\win64\xerces-c_2_7.dll
0x000007fefc760000 - 0x000007fefc7ad000 	C:\Windows\system32\WS2_32.dll
0x000007fefd680000 - 0x000007fefd688000 	C:\Windows\system32\NSI.dll
0x00000000046d0000 - 0x00000000046ea000 	C:\Program Files\MATLAB\R2012a\bin\win64\libmwMATLAB_settings_res.dll
0x0000000004700000 - 0x0000000004747000 	C:\Program Files\MATLAB\R2012a\bin\win64\boost_serialization-vc90-mt-1_44.dll
0x000007fefc7b0000 - 0x000007fefd538000 	C:\Windows\system32\SHELL32.dll
0x000007fefd560000 - 0x000007fefd5d1000 	C:\Windows\system32\SHLWAPI.dll
0x000007fef5600000 - 0x000007fef56a0000 	C:\Windows\WinSxS\amd64_microsoft.windows.common-controls_6595b64144ccf1df_5.82.7601.18201_none_a4d3b9377117c3df\COMCTL32.dll
0x000007fefd5e0000 - 0x000007fefd677000 	C:\Windows\system32\COMDLG32.dll
0x000007fef9910000 - 0x000007fef9926000 	C:\Windows\system32\NETAPI32.dll
0x000007fef9900000 - 0x000007fef990c000 	C:\Windows\system32\netutils.dll
0x000007fefbf40000 - 0x000007fefbf63000 	C:\Windows\system32\srvcli.dll
0x000007fef98e0000 - 0x000007fef98f5000 	C:\Windows\system32\wkscli.dll
0x000007fefd690000 - 0x000007fefd893000 	C:\Windows\system32\ole32.dll
0x000007fefe380000 - 0x000007fefe457000 	C:\Windows\system32\OLEAUT32.dll
0x0000000074970000 - 0x0000000074b06000 	C:\Program Files\MATLAB\R2012a\bin\win64\mcr.dll
0x0000000075000000 - 0x000000007536b000 	C:\Program Files\MATLAB\R2012a\bin\win64\iqm.dll
0x0000000060220000 - 0x0000000060a41000 	C:\Program Files\MATLAB\R2012a\bin\win64\m_interpreter.dll
0x0000000072ff0000 - 0x0000000073015000 	C:\Program Files\MATLAB\R2012a\bin\win64\libmex.dll
0x0000000064fc0000 - 0x0000000065073000 	C:\Program Files\MATLAB\R2012a\bin\win64\m_dispatcher.dll
0x0000000074880000 - 0x000000007496d000 	C:\Program Files\MATLAB\R2012a\bin\win64\boost_regex-vc90-mt-1_44.dll
0x00000000645b0000 - 0x0000000064634000 	C:\Program Files\MATLAB\R2012a\bin\win64\profiler.dll
0x00000000047d0000 - 0x0000000004a25000 	C:\Program Files\MATLAB\R2012a\bin\win64\libmwmathutil.dll
0x0000000079f40000 - 0x0000000079f6d000 	C:\Program Files\MATLAB\R2012a\bin\win64\libmwmathrng.dll
0x0000000074c10000 - 0x0000000074ced000 	C:\Program Files\MATLAB\R2012a\bin\win64\libmwmathcore.dll
0x0000000076160000 - 0x00000000761cb000 	C:\Program Files\MATLAB\R2012a\bin\win64\libmwspmatrix.dll
0x0000000075ea0000 - 0x0000000075f02000 	C:\Program Files\MATLAB\R2012a\bin\win64\libmwcholmod.dll
0x000000007a460000 - 0x000000007a46d000 	C:\Program Files\MATLAB\R2012a\bin\win64\libmwamd.dll
0x000000007a4b0000 - 0x000000007a4bc000 	C:\Program Files\MATLAB\R2012a\bin\win64\libmwcolamd.dll
0x00000000747e0000 - 0x00000000747f9000 	C:\Program Files\MATLAB\R2012a\bin\win64\libmwblas.dll
0x0000000072fd0000 - 0x0000000072fe2000 	C:\Program Files\MATLAB\R2012a\bin\win64\libmwbinder.dll
0x0000000072fc0000 - 0x0000000072fcb000 	C:\Program Files\MATLAB\R2012a\bin\win64\libmwompwrapper.dll
0x0000000062ad0000 - 0x0000000062b56000 	C:\Program Files\MATLAB\R2012a\bin\win64\libmwlapack.dll
0x0000000064f70000 - 0x0000000064f91000 	C:\Program Files\MATLAB\R2012a\bin\win64\m_pcodeio.dll
0x0000000079b10000 - 0x0000000079b77000 	C:\Program Files\MATLAB\R2012a\bin\win64\m_ir.dll
0x0000000060c30000 - 0x0000000061280000 	C:\Program Files\MATLAB\R2012a\bin\win64\m_parser.dll
0x0000000064f50000 - 0x0000000064f6a000 	C:\Program Files\MATLAB\R2012a\bin\win64\ir_xfmr.dll
0x0000000062850000 - 0x0000000062ac9000 	C:\Program Files\MATLAB\R2012a\bin\win64\mcos.dll
0x000000006b1e0000 - 0x000000006b1ec000 	C:\Program Files\MATLAB\R2012a\bin\win64\mtok.dll
0x0000000062da0000 - 0x0000000062dd1000 	C:\Program Files\MATLAB\R2012a\bin\win64\m_pcodegen.dll
0x0000000079fb0000 - 0x0000000079fe7000 	C:\Program Files\MATLAB\R2012a\bin\win64\libmwbridge.dll
0x0000000062780000 - 0x0000000062848000 	C:\Program Files\MATLAB\R2012a\bin\win64\udd.dll
0x0000000060ad0000 - 0x0000000060c22000 	C:\Program Files\MATLAB\R2012a\bin\win64\libmwgui.dll
0x0000000064590000 - 0x00000000645a7000 	C:\Program Files\MATLAB\R2012a\bin\win64\graphics_util.dll
0x000000005f870000 - 0x0000000060213000 	C:\Program Files\MATLAB\R2012a\bin\win64\hg.dll
0x0000000004ba0000 - 0x0000000004c07000 	C:\Program Files\MATLAB\R2012a\bin\win64\libmat.dll
0x0000000072d30000 - 0x0000000072f44000 	C:\Program Files\MATLAB\R2012a\bin\win64\hdf5dll.dll
0x0000000075710000 - 0x00000000757c1000 	C:\Program Files\MATLAB\R2012a\bin\win64\jmi.dll
0x0000000004c40000 - 0x0000000004c4e000 	C:\Program Files\MATLAB\R2012a\bin\win64\nativejava_services.dll
0x0000000062730000 - 0x0000000062772000 	C:\Program Files\MATLAB\R2012a\bin\win64\libmwhardcopy.dll
0x00000000626d0000 - 0x000000006272a000 	C:\Program Files\MATLAB\R2012a\bin\win64\libuij.dll
0x000000005f660000 - 0x000000005f86c000 	C:\Program Files\MATLAB\R2012a\bin\win64\hgdatatypes.dll
0x000000005f560000 - 0x000000005f65d000 	C:\Program Files\MATLAB\R2012a\bin\win64\hgutils.dll
0x000000005f4a0000 - 0x000000005f55d000 	C:\Program Files\MATLAB\R2012a\bin\win64\udd_mi.dll
0x0000000004cb0000 - 0x0000000004ceb000 	C:\Program Files\MATLAB\R2012a\bin\win64\libmwgbtutils.dll
0x0000000004d00000 - 0x0000000004d19000 	C:\Program Files\MATLAB\R2012a\bin\win64\libmwgbt.dll
0x0000000004d30000 - 0x0000000004ffa000 	C:\Program Files\MATLAB\R2012a\bin\win64\uiw.dll
0x0000000072fb0000 - 0x0000000072fbf000 	C:\Program Files\MATLAB\R2012a\bin\win64\uinone.dll
0x000007fef5700000 - 0x000007fef5718000 	C:\Windows\system32\MPR.dll
0x000000005efb0000 - 0x000000005f494000 	C:\Windows\WinSxS\amd64_microsoft.vc90.mfc_1fc8b3b9a1e18e3b_9.0.30729.6161_none_044aad0bab1eb146\mfc90.dll
0x000007fefb970000 - 0x000007fefb977000 	C:\Windows\system32\MSIMG32.dll
0x000007fef9a40000 - 0x000007fef9ab1000 	C:\Windows\system32\WINSPOOL.DRV
0x0000000063020000 - 0x0000000063040000 	C:\Program Files\MATLAB\R2012a\bin\win64\mwoles05.DLL
0x0000000062650000 - 0x00000000626cc000 	C:\Program Files\MATLAB\R2012a\bin\win64\comcli.dll
0x0000000062d70000 - 0x0000000062d9f000 	C:\Windows\WinSxS\amd64_microsoft.vc90.atl_1fc8b3b9a1e18e3b_9.0.30729.6161_none_0a1fd3a3a768b895\ATL90.DLL
0x0000000064fb0000 - 0x0000000064fbc000 	C:\Program Files\MATLAB\R2012a\bin\win64\mlautoregister.dll
0x0000000005050000 - 0x0000000005060000 	C:\Program Files\MATLAB\R2012a\bin\win64\boost_iostreams-vc90-mt-1_44.dll
0x000007fefc050000 - 0x000007fefc0a7000 	C:\Windows\system32\apphelp.dll
0x000007fef49d0000 - 0x000007fef4a21000 	C:\Windows\AppPatch\AppPatch64\AcGenral.DLL
0x000007fefc020000 - 0x000007fefc045000 	C:\Windows\system32\SspiCli.dll
0x0000000070150000 - 0x0000000070153000 	C:\Windows\system32\sfc.dll
0x000007fef7a60000 - 0x000007fef7a70000 	C:\Windows\system32\sfc_os.DLL
0x000007fefb120000 - 0x000007fefb13e000 	C:\Windows\system32\USERENV.dll
0x000007fefc180000 - 0x000007fefc18f000 	C:\Windows\system32\profapi.dll
0x000007fefa6d0000 - 0x000007fefa6e8000 	C:\Windows\system32\dwmapi.dll
0x000007fefc5a0000 - 0x000007fefc5ce000 	C:\Windows\system32\IMM32.DLL
0x000007fefd9d0000 - 0x000007fefdad9000 	C:\Windows\system32\MSCTF.dll
0x000007fefa740000 - 0x000007fefa796000 	C:\Windows\system32\UxTheme.dll
0x0000000064580000 - 0x000000006458d000 	C:\Windows\WinSxS\amd64_microsoft.vc90.mfcloc_1fc8b3b9a1e18e3b_9.0.30729.6161_none_01c9581e60cbee58\MFC90ENU.DLL
0x000007fef7c80000 - 0x000007fef7d09000 	C:\Program Files (x86)\AVG\AVG2015\avghooka.dll
0x0000000005480000 - 0x00000000054a9000 	C:\Program Files\MATLAB\R2012a\bin\win64\tbbmalloc.dll
0x0000000078870000 - 0x0000000078ecd000 	C:\Program Files\MATLAB\R2012a\sys\java\jre\win64\jre\bin\server\jvm.dll
0x000007fefa070000 - 0x000007fefa0ab000 	C:\Windows\system32\WINMM.dll
0x000007fefafe0000 - 0x000007fefb007000 	C:\Windows\system32\iphlpapi.dll
0x000007fefafd0000 - 0x000007fefafdb000 	C:\Windows\system32\WINNSI.DLL
0x000007fefb750000 - 0x000007fefb7ab000 	C:\Windows\system32\DNSAPI.dll
0x000007fef9420000 - 0x000007fef9438000 	C:\Windows\system32\dhcpcsvc.DLL
0x000007fef9400000 - 0x000007fef9411000 	C:\Windows\system32\dhcpcsvc6.DLL

VM Arguments:
jvm_args: -Xss512k -XX:PermSize=32m -Xms64m -XX:NewRatio=3 -XX:MaxPermSize=128m -Xmx196m -XX:MaxDirectMemorySize=2147400000 -Dsun.java2d.noddraw=true -Dsun.awt.nopixfmt=true -Xshare:off -Xrs -Dsun.awt.disableMixing=true -Djava.library.path=C:\Program Files\MATLAB\R2012a\bin\win64 vfprintf abort 
java_command: <unknown>
Launcher Type: generic

Environment Variables:
CLASSPATH=.;C:\Program Files (x86)\QuickTime\QTSystem\QTJava.zip
PATH=C:\Program Files\Broadcom\Broadcom 802.11 Network Adapter\Driver;;C:\Program Files\Common Files\Microsoft Shared\Windows Live;C:\Program Files (x86)\Common Files\Microsoft Shared\Windows Live;C:\Program Files (x86)\Intel\iCLS Client\;C:\Program Files\Intel\iCLS Client\;C:\Windows\system32;C:\Windows;C:\Windows\System32\Wbem;C:\Windows\System32\WindowsPowerShell\v1.0\;C:\Program Files\Intel\Intel(R) Management Engine Components\DAL;C:\Program Files\Intel\Intel(R) Management Engine Components\IPT;C:\Program Files (x86)\Intel\Intel(R) Management Engine Components\DAL;C:\Program Files (x86)\Intel\Intel(R) Management Engine Components\IPT;C:\Program Files\Lenovo\Bluetooth Software\;C:\Program Files\Lenovo\Bluetooth Software\syswow64;C:\Program Files\Diskeeper Corporation\ExpressCache\;C:\Program Files\Common Files\Lenovo;C:\Program Files (x86)\Windows Live\Shared;C:\SWTOOLS\ReadyApps;C:\Program Files (x86)\Symantec\VIP Access Client\;C:\Program Files (x86)\Common Files\Lenovo;C:\Program Files\MATLAB\R2012a\runtime\win64;C:\Program Files\MATLAB\R2012a\bin;C:\Program Files\MiKTeX 2.9\miktex\bin\x64\;C:\Program Files (x86)\Git\cmd;C:\Program Files (x86)\Intel\OpenCL SDK\2.0\bin\x86;C:\Program Files (x86)\Intel\OpenCL SDK\2.0\bin\x64;C:\Program Files\Microsoft Windows Performance Toolkit\;C:\Program Files (x86)\QuickTime\QTSystem\;C:\Program Files (x86)\nodejs\;C:\Program Files (x86)\Heroku\bin;C:\Program Files (x86)\git\cmd;C:\Program Files\PostgreSQL\9.3\bin;C:\curl;C:\MinGW\bin;C:\Users\Max Yi Ren\AppData\Roaming\npm
USERNAME=Max Yi Ren
OS=Windows_NT
PROCESSOR_IDENTIFIER=Intel64 Family 6 Model 58 Stepping 9, GenuineIntel



---------------  S Y S T E M  ---------------

OS: Windows 7 Build 7601 Service Pack 1

CPU:total 4 (8 cores per cpu, 2 threads per core) family 6 model 58 stepping 9, cmov, cx8, fxsr, mmx, sse, sse2, sse3, ssse3, sse4.1, sse4.2, ht

Memory: 4k page, physical 8104172k(1475172k free), swap 18057872k(2418764k free)

vm_info: Java HotSpot(TM) 64-Bit Server VM (14.3-b01) for windows-amd64 JRE (1.6.0_17-b04), built on Oct 11 2009 00:46:08 by "java_re" with MS VC++ 8.0

time: Mon Dec 08 10:10:25 2014
elapsed time: 243938 seconds

