#
# A fatal error has been detected by the Java Runtime Environment:
#
#  EXCEPTION_ACCESS_VIOLATION (0xc0000005) at pc=0x000000007322c750, pid=28292, tid=12248
#
# JRE version: 6.0_17-b04
# Java VM: Java HotSpot(TM) 64-Bit Server VM (14.3-b01 mixed mode windows-amd64 )
# Problematic frame:
# C  0x000000007322c750
#
# If you would like to submit a bug report, please visit:
#   http://java.sun.com/webapps/bugreport/crash.jsp
# The crash happened outside the Java Virtual Machine in native code.
# See problematic frame for where to report the bug.
#

---------------  T H R E A D  ---------------

Current thread (0x000000005d6e9800):  JavaThread "AWT-EventQueue-0" [_thread_in_native, id=12248, stack(0x000000000fad0000,0x000000000fb50000)]

siginfo: ExceptionCode=0xc0000005, reading address 0x0000000000000008

Registers:
EAX=0x000000000000000d, EBX=0x000000005d6e99b8, ECX=0x0000000000000000, EDX=0x00000000570127d4
ESP=0x000000000fb4de38, EBP=0x00000000720fee00, ESI=0x000000005d6e99b8, EDI=0x0000000026ebcbf0
EIP=0x000000007322c750, EFLAGS=0x0000000000010206

Top of Stack: (sp=0x000000000fb4de38)
0x000000000fb4de38:   00000000731d589c 0000000000000000
0x000000000fb4de48:   000000005d6e99b8 00000000720fee00
0x000000000fb4de58:   000000005d6e99b8 000000003621e228
0x000000000fb4de68:   000000005d6e99b8 000000002edc8860
0x000000000fb4de78:   00000000731b3810 000000005d6e99b8
0x000000000fb4de88:   000000000fb4e530 000000000fb4e508
0x000000000fb4de98:   00000000720fee00 0000000034806180
0x000000000fb4dea8:   00000000731d2151 0000000000000000
0x000000000fb4deb8:   000000000fb4e510 0000000000000000
0x000000000fb4dec8:   000000000fb4e508 000000003e3f2188
0x000000000fb4ded8:   00000000347f65f8 0000000000000007
0x000000000fb4dee8:   0000000035411aa0 0000000000000000
0x000000000fb4def8:   000000000000001c 0000000000000018
0x000000000fb4df08:   0000000000000010 0000000000000014
0x000000000fb4df18:   0000000000000000 0000000035418388
0x000000000fb4df28:   0000000000000001 0000000034ca7bf0 

Instructions: (pc=0x000000007322c750)
0x000000007322c740:   48 8b 41 08 48 8b 80 18 0c 00 00 c3 cc cc cc cc
0x000000007322c750:   48 8b 49 08 48 85 c9 74 05 e9 72 f6 fd ff 33 c0 


Stack: [0x000000000fad0000,0x000000000fb50000],  sp=0x000000000fb4de38,  free space=503k
Native frames: (J=compiled Java code, j=interpreted, Vv=VM code, C=native code)
C  0x000000007322c750

Java frames: (J=compiled Java code, j=interpreted, Vv=VM code)
J  sun.java2d.windows.GDIBlitLoops.nativeBlit(Lsun/java2d/SurfaceData;Lsun/java2d/SurfaceData;Lsun/java2d/pipe/Region;IIIIIIIIIZ)V
J  sun.java2d.windows.GDIBlitLoops.Blit(Lsun/java2d/SurfaceData;Lsun/java2d/SurfaceData;Ljava/awt/Composite;Lsun/java2d/pipe/Region;IIIIII)V
J  sun.java2d.pipe.DrawImage.copyImage(Lsun/java2d/SunGraphics2D;Ljava/awt/Image;IILjava/awt/Color;Ljava/awt/image/ImageObserver;)Z
J  sun.java2d.SunGraphics2D.drawImage(Ljava/awt/Image;IILjava/awt/Color;Ljava/awt/image/ImageObserver;)Z
J  javax.swing.RepaintManager$PaintManager.paintDoubleBuffered(Ljavax/swing/JComponent;Ljava/awt/Image;Ljava/awt/Graphics;IIII)V
J  javax.swing.RepaintManager$PaintManager.paint(Ljavax/swing/JComponent;Ljavax/swing/JComponent;Ljava/awt/Graphics;IIII)Z
j  javax.swing.RepaintManager.paint(Ljavax/swing/JComponent;Ljavax/swing/JComponent;Ljava/awt/Graphics;IIII)V+52
J  javax.swing.JComponent.paint(Ljava/awt/Graphics;)V
j  java.awt.GraphicsCallback$PaintCallback.run(Ljava/awt/Component;Ljava/awt/Graphics;)V+2
j  sun.awt.SunGraphicsCallback.runOneComponent(Ljava/awt/Component;Ljava/awt/Rectangle;Ljava/awt/Graphics;Ljava/awt/Shape;I)V+155
j  sun.awt.SunGraphicsCallback.runComponents([Ljava/awt/Component;Ljava/awt/Graphics;I)V+104
j  java.awt.Container.paint(Ljava/awt/Graphics;)V+73
J  javax.swing.RepaintManager.paintDirtyRegions(Ljava/util/Map;)V
j  javax.swing.RepaintManager.paintDirtyRegions()V+46
j  javax.swing.RepaintManager.seqPaintDirtyRegions()V+73
j  javax.swing.SystemEventQueueUtilities$ComponentWorkRequest.run()V+36
J  java.awt.EventDispatchThread.pumpOneEventForFilters(I)Z
J  java.awt.EventDispatchThread.pumpEventsForFilter(ILjava/awt/Conditional;Ljava/awt/EventFilter;)V
j  java.awt.EventDispatchThread.pumpEventsForHierarchy(ILjava/awt/Conditional;Ljava/awt/Component;)V+11
j  java.awt.EventDispatchThread.pumpEvents(ILjava/awt/Conditional;)V+4
j  java.awt.EventDispatchThread.pumpEvents(Ljava/awt/Conditional;)V+3
j  java.awt.EventDispatchThread.run()V+9
v  ~StubRoutines::call_stub

---------------  P R O C E S S  ---------------

Java Threads: ( => current thread )
  0x00000000268c1000 JavaThread "Timer-499" [_thread_blocked, id=30544, stack(0x0000000028c80000,0x0000000028d00000)]
  0x000000005dc70800 JavaThread "pool-8-thread-1" [_thread_blocked, id=26068, stack(0x0000000028aa0000,0x0000000028b20000)]
  0x000000005dc7b000 JavaThread "Foxtrot Single Worker Thread #1" daemon [_thread_blocked, id=29820, stack(0x0000000028da0000,0x0000000028e20000)]
  0x000000005dc6c800 JavaThread "Code Analyzer updating thread" [_thread_blocked, id=30520, stack(0x0000000026090000,0x0000000026110000)]
  0x000000005dc79800 JavaThread "Prefs Updater" daemon [_thread_blocked, id=27900, stack(0x0000000026140000,0x00000000261c0000)]
  0x000000005dc76000 JavaThread "Code Analyzer updating thread" [_thread_blocked, id=26928, stack(0x0000000061970000,0x00000000619f0000)]
  0x000000005dc75000 JavaThread "Code Analyzer updating thread" [_thread_blocked, id=26296, stack(0x00000000617a0000,0x0000000061820000)]
  0x000000005dc74800 JavaThread "Code Analyzer updating thread" [_thread_blocked, id=10892, stack(0x0000000048e00000,0x0000000048e80000)]
  0x000000005dc73800 JavaThread "Code Analyzer updating thread" [_thread_blocked, id=13840, stack(0x00000000616c0000,0x0000000061740000)]
  0x000000005dc73000 JavaThread "Active Reference Queue Daemon" daemon [_thread_blocked, id=1756, stack(0x0000000061300000,0x0000000061380000)]
  0x000000005dc71800 JavaThread "Timer-11" daemon [_thread_blocked, id=9588, stack(0x00000000192f0000,0x0000000019370000)]
  0x000000005dc72000 JavaThread "Timer-10" daemon [_thread_blocked, id=6120, stack(0x0000000010f10000,0x0000000010f90000)]
  0x000000005dc70000 JavaThread "Explorer NavigationContext request queue" [_thread_blocked, id=2212, stack(0x0000000058fe0000,0x0000000059060000)]
  0x000000005dc6e800 JavaThread "AddressBar directory emptiness poller" [_thread_blocked, id=2984, stack(0x0000000044d10000,0x0000000044d90000)]
  0x000000005dc6d000 JavaThread "Timer-1" [_thread_blocked, id=5520, stack(0x0000000048e80000,0x0000000048f00000)]
  0x000000005dc6b800 JavaThread "TimerQueue" daemon [_thread_blocked, id=11696, stack(0x00000000083f0000,0x0000000008470000)]
  0x000000005d9a1800 JavaThread "FelixPackageAdmin" daemon [_thread_blocked, id=12012, stack(0x00000000150c0000,0x0000000015140000)]
  0x000000005dcaf800 JavaThread "FelixStartLevel" daemon [_thread_blocked, id=7556, stack(0x0000000010fb0000,0x0000000011030000)]
  0x000000005dbac800 JavaThread "FelixDispatchQueue" daemon [_thread_blocked, id=11952, stack(0x000000000fb60000,0x000000000fbe0000)]
=>0x000000005d6e9800 JavaThread "AWT-EventQueue-0" [_thread_in_native, id=12248, stack(0x000000000fad0000,0x000000000fb50000)]
  0x000000005dd39800 JavaThread "com.google.common.base.internal.Finalizer" daemon [_thread_blocked, id=12064, stack(0x000000000fce0000,0x000000000fd60000)]
  0x000000005d70d000 JavaThread "AWT-Windows" daemon [_thread_in_native, id=17080, stack(0x000000000f830000,0x000000000f8b0000)]
  0x000000005d70c800 JavaThread "AWT-Shutdown" [_thread_blocked, id=7084, stack(0x000000000cf10000,0x000000000cf90000)]
  0x000000005d70b800 JavaThread "Java2D Disposer" daemon [_thread_blocked, id=1852, stack(0x000000000f5c0000,0x000000000f640000)]
  0x000000005d2f8000 JavaThread "Timer-0" [_thread_blocked, id=20988, stack(0x000000000e5b0000,0x000000000e630000)]
  0x000000005d252800 JavaThread "EventMgr Dispatcher" daemon [_thread_in_native, id=27652, stack(0x0000000011030000,0x0000000015030000)]
  0x000000000e436000 JavaThread "Low Memory Detector" daemon [_thread_blocked, id=24336, stack(0x000000000e720000,0x000000000e7a0000)]
  0x000000000e434800 JavaThread "CompilerThread1" daemon [_thread_blocked, id=26728, stack(0x0000000059160000,0x000000005d160000)]
  0x000000000e42b800 JavaThread "CompilerThread0" daemon [_thread_blocked, id=28388, stack(0x0000000054fd0000,0x0000000058fd0000)]
  0x000000000e3e3000 JavaThread "Attach Listener" daemon [_thread_blocked, id=28456, stack(0x000000000e650000,0x000000000e6d0000)]
  0x00000000053bc000 JavaThread "Finalizer" daemon [_thread_blocked, id=28016, stack(0x000000000d8b0000,0x000000000d930000)]
  0x00000000053bb000 JavaThread "Reference Handler" daemon [_thread_blocked, id=28304, stack(0x000000000d810000,0x000000000d890000)]
  0x000000000547e800 JavaThread "main" [_thread_in_native, id=23352, stack(0x00000000001e0000,0x00000000041e0000)]

Other Threads:
  0x000000000e3c2000 VMThread [stack: 0x0000000050f60000,0x0000000054f60000] [id=28488]
  0x000000000e462000 WatcherThread [stack: 0x0000000065160000,0x0000000069160000] [id=24324]

VM state:not at safepoint (normal execution)

VM Mutex/Monitor currently owned by a thread: None

Heap
 PSYoungGen      total 16192K, used 9451K [0x000000003dae0000, 0x000000003eae0000, 0x0000000040be0000)
  eden space 16000K, 58% used [0x000000003dae0000,0x000000003e412f10,0x000000003ea80000)
  from space 192K, 16% used [0x000000003eab0000,0x000000003eab8000,0x000000003eae0000)
  to   space 192K, 0% used [0x000000003ea80000,0x000000003ea80000,0x000000003eab0000)
 PSOldGen        total 150528K, used 133792K [0x00000000347e0000, 0x000000003dae0000, 0x000000003dae0000)
  object space 150528K, 88% used [0x00000000347e0000,0x000000003ca881a0,0x000000003dae0000)
 PSPermGen       total 88128K, used 68202K [0x000000002c7e0000, 0x0000000031df0000, 0x00000000347e0000)
  object space 88128K, 77% used [0x000000002c7e0000,0x0000000030a7aa38,0x0000000031df0000)

Dynamic libraries:
0x000000013f670000 - 0x000000013f6a2000 	C:\Program Files\MATLAB\R2012a\bin\win64\MATLAB.exe
0x00000000772d0000 - 0x0000000077479000 	C:\Windows\SYSTEM32\ntdll.dll
0x00000000770b0000 - 0x00000000771cf000 	C:\Windows\system32\kernel32.dll
0x000007fefc350000 - 0x000007fefc3bc000 	C:\Windows\system32\KERNELBASE.dll
0x0000000074460000 - 0x0000000074554000 	C:\Program Files\MATLAB\R2012a\bin\win64\libut.dll
0x00000000758a0000 - 0x0000000075952000 	C:\Program Files\MATLAB\R2012a\bin\win64\libmwi18n.dll
0x0000000180000000 - 0x000000018000b000 	C:\Program Files\MATLAB\R2012a\bin\win64\libmwresource_core.dll
0x000000006fc00000 - 0x000000006fcd3000 	C:\Windows\WinSxS\amd64_microsoft.vc90.crt_1fc8b3b9a1e18e3b_9.0.30729.6161_none_08e61857a83bc251\MSVCP90.dll
0x0000000074e20000 - 0x0000000074ec3000 	C:\Windows\WinSxS\amd64_microsoft.vc90.crt_1fc8b3b9a1e18e3b_9.0.30729.6161_none_08e61857a83bc251\MSVCR90.dll
0x000000007a170000 - 0x000000007a19c000 	C:\Program Files\MATLAB\R2012a\bin\win64\boost_filesystem-vc90-mt-1_44.dll
0x000000007a560000 - 0x000000007a569000 	C:\Program Files\MATLAB\R2012a\bin\win64\boost_system-vc90-mt-1_44.dll
0x000007fefe200000 - 0x000007fefe2db000 	C:\Windows\system32\ADVAPI32.dll
0x000007fefe2e0000 - 0x000007fefe37f000 	C:\Windows\system32\msvcrt.dll
0x000007fefd540000 - 0x000007fefd55f000 	C:\Windows\SYSTEM32\sechost.dll
0x000007fefe460000 - 0x000007fefe58d000 	C:\Windows\system32\RPCRT4.dll
0x000000007a010000 - 0x000000007a035000 	C:\Program Files\MATLAB\R2012a\bin\win64\LIBEXPAT.dll
0x0000000062d60000 - 0x0000000062f51000 	C:\Program Files\MATLAB\R2012a\bin\win64\icuin44.dll
0x0000000062be0000 - 0x0000000062d51000 	C:\Program Files\MATLAB\R2012a\bin\win64\icuuc44.dll
0x0000000010000000 - 0x0000000010e41000 	C:\Program Files\MATLAB\R2012a\bin\win64\icudt44.dll
0x0000000073f70000 - 0x00000000740ad000 	C:\Program Files\MATLAB\R2012a\bin\win64\libmwfl.dll
0x00000000043e0000 - 0x00000000046d6000 	C:\Program Files\MATLAB\R2012a\bin\win64\libmwMATLAB_res.dll
0x000000007a3b0000 - 0x000000007a3c0000 	C:\Program Files\MATLAB\R2012a\bin\win64\boost_date_time-vc90-mt-1_44.dll
0x000000007a250000 - 0x000000007a263000 	C:\Program Files\MATLAB\R2012a\bin\win64\boost_signals-vc90-mt-1_44.dll
0x000000007a2d0000 - 0x000000007a2e2000 	C:\Program Files\MATLAB\R2012a\bin\win64\boost_thread-vc90-mt-1_44.dll
0x00000000041e0000 - 0x0000000004226000 	C:\Program Files\MATLAB\R2012a\bin\win64\tbb.dll
0x000007fefdd30000 - 0x000007fefdd49000 	C:\Windows\system32\imagehlp.dll
0x00000000774a0000 - 0x00000000774a7000 	C:\Windows\system32\PSAPI.DLL
0x00000000747c0000 - 0x00000000747d3000 	C:\Program Files\MATLAB\R2012a\bin\win64\icuio44.dll
0x000007fef38d0000 - 0x000007fef39f5000 	C:\Windows\system32\dbghelp.dll
0x00000000771d0000 - 0x00000000772ca000 	C:\Windows\system32\USER32.dll
0x000007fefdcc0000 - 0x000007fefdd27000 	C:\Windows\system32\GDI32.dll
0x000007fefc590000 - 0x000007fefc59e000 	C:\Windows\system32\LPK.dll
0x000007fefd8a0000 - 0x000007fefd969000 	C:\Windows\system32\USP10.dll
0x000000007bed0000 - 0x000000007c183000 	C:\Program Files\MATLAB\R2012a\bin\win64\libmwservices.dll
0x0000000075a20000 - 0x0000000075ae2000 	C:\Program Files\MATLAB\R2012a\bin\win64\libmx.dll
0x000000007a210000 - 0x000000007a228000 	C:\Program Files\MATLAB\R2012a\bin\win64\zlib1.dll
0x0000000004250000 - 0x0000000004271000 	C:\Program Files\MATLAB\R2012a\bin\win64\libmwmfl_scalar.dll
0x0000000075f10000 - 0x0000000075f5d000 	C:\Program Files\MATLAB\R2012a\bin\win64\mpath.dll
0x000000007b680000 - 0x000000007bbe1000 	C:\Program Files\MATLAB\R2012a\bin\win64\mlutil.dll
0x0000000065000000 - 0x000000006507f000 	C:\Program Files\MATLAB\R2012a\bin\win64\xmlcore.dll
0x000000007bc30000 - 0x000000007be83000 	C:\Program Files\MATLAB\R2012a\bin\win64\xerces-c_2_7.dll
0x000007fefc760000 - 0x000007fefc7ad000 	C:\Windows\system32\WS2_32.dll
0x000007fefd680000 - 0x000007fefd688000 	C:\Windows\system32\NSI.dll
0x00000000046e0000 - 0x00000000046fa000 	C:\Program Files\MATLAB\R2012a\bin\win64\libmwMATLAB_settings_res.dll
0x0000000004700000 - 0x0000000004747000 	C:\Program Files\MATLAB\R2012a\bin\win64\boost_serialization-vc90-mt-1_44.dll
0x000007fefc7b0000 - 0x000007fefd538000 	C:\Windows\system32\SHELL32.dll
0x000007fefd560000 - 0x000007fefd5d1000 	C:\Windows\system32\SHLWAPI.dll
0x000007fef5600000 - 0x000007fef56a0000 	C:\Windows\WinSxS\amd64_microsoft.windows.common-controls_6595b64144ccf1df_5.82.7601.18201_none_a4d3b9377117c3df\COMCTL32.dll
0x000007fefd5e0000 - 0x000007fefd677000 	C:\Windows\system32\COMDLG32.dll
0x000007fef9910000 - 0x000007fef9926000 	C:\Windows\system32\NETAPI32.dll
0x000007fef9900000 - 0x000007fef990c000 	C:\Windows\system32\netutils.dll
0x000007fefbf40000 - 0x000007fefbf63000 	C:\Windows\system32\srvcli.dll
0x000007fef98e0000 - 0x000007fef98f5000 	C:\Windows\system32\wkscli.dll
0x000007fefd690000 - 0x000007fefd893000 	C:\Windows\system32\ole32.dll
0x000007fefe380000 - 0x000007fefe457000 	C:\Windows\system32\OLEAUT32.dll
0x0000000074970000 - 0x0000000074b06000 	C:\Program Files\MATLAB\R2012a\bin\win64\mcr.dll
0x0000000075000000 - 0x000000007536b000 	C:\Program Files\MATLAB\R2012a\bin\win64\iqm.dll
0x0000000060a50000 - 0x0000000061271000 	C:\Program Files\MATLAB\R2012a\bin\win64\m_interpreter.dll
0x0000000073030000 - 0x0000000073055000 	C:\Program Files\MATLAB\R2012a\bin\win64\libmex.dll
0x0000000064b90000 - 0x0000000064c43000 	C:\Program Files\MATLAB\R2012a\bin\win64\m_dispatcher.dll
0x0000000074880000 - 0x000000007496d000 	C:\Program Files\MATLAB\R2012a\bin\win64\boost_regex-vc90-mt-1_44.dll
0x00000000645b0000 - 0x0000000064634000 	C:\Program Files\MATLAB\R2012a\bin\win64\profiler.dll
0x00000000047d0000 - 0x0000000004a25000 	C:\Program Files\MATLAB\R2012a\bin\win64\libmwmathutil.dll
0x0000000079f40000 - 0x0000000079f6d000 	C:\Program Files\MATLAB\R2012a\bin\win64\libmwmathrng.dll
0x0000000074c10000 - 0x0000000074ced000 	C:\Program Files\MATLAB\R2012a\bin\win64\libmwmathcore.dll
0x0000000076160000 - 0x00000000761cb000 	C:\Program Files\MATLAB\R2012a\bin\win64\libmwspmatrix.dll
0x0000000075ea0000 - 0x0000000075f02000 	C:\Program Files\MATLAB\R2012a\bin\win64\libmwcholmod.dll
0x000000007a460000 - 0x000000007a46d000 	C:\Program Files\MATLAB\R2012a\bin\win64\libmwamd.dll
0x000000007a4b0000 - 0x000000007a4bc000 	C:\Program Files\MATLAB\R2012a\bin\win64\libmwcolamd.dll
0x00000000747e0000 - 0x00000000747f9000 	C:\Program Files\MATLAB\R2012a\bin\win64\libmwblas.dll
0x0000000073010000 - 0x0000000073022000 	C:\Program Files\MATLAB\R2012a\bin\win64\libmwbinder.dll
0x0000000073000000 - 0x000000007300b000 	C:\Program Files\MATLAB\R2012a\bin\win64\libmwompwrapper.dll
0x0000000062b50000 - 0x0000000062bd6000 	C:\Program Files\MATLAB\R2012a\bin\win64\libmwlapack.dll
0x0000000072fd0000 - 0x0000000072ff1000 	C:\Program Files\MATLAB\R2012a\bin\win64\m_pcodeio.dll
0x0000000079b10000 - 0x0000000079b77000 	C:\Program Files\MATLAB\R2012a\bin\win64\m_ir.dll
0x0000000060400000 - 0x0000000060a50000 	C:\Program Files\MATLAB\R2012a\bin\win64\m_parser.dll
0x0000000072fb0000 - 0x0000000072fca000 	C:\Program Files\MATLAB\R2012a\bin\win64\ir_xfmr.dll
0x00000000628d0000 - 0x0000000062b49000 	C:\Program Files\MATLAB\R2012a\bin\win64\mcos.dll
0x00000000735e0000 - 0x00000000735ec000 	C:\Program Files\MATLAB\R2012a\bin\win64\mtok.dll
0x0000000064fc0000 - 0x0000000064ff1000 	C:\Program Files\MATLAB\R2012a\bin\win64\m_pcodegen.dll
0x0000000079fb0000 - 0x0000000079fe7000 	C:\Program Files\MATLAB\R2012a\bin\win64\libmwbridge.dll
0x0000000062800000 - 0x00000000628c8000 	C:\Program Files\MATLAB\R2012a\bin\win64\udd.dll
0x00000000626a0000 - 0x00000000627f2000 	C:\Program Files\MATLAB\R2012a\bin\win64\libmwgui.dll
0x0000000064f80000 - 0x0000000064f97000 	C:\Program Files\MATLAB\R2012a\bin\win64\graphics_util.dll
0x000000005fa50000 - 0x00000000603f3000 	C:\Program Files\MATLAB\R2012a\bin\win64\hg.dll
0x0000000004ba0000 - 0x0000000004c07000 	C:\Program Files\MATLAB\R2012a\bin\win64\libmat.dll
0x0000000072d30000 - 0x0000000072f44000 	C:\Program Files\MATLAB\R2012a\bin\win64\hdf5dll.dll
0x0000000075710000 - 0x00000000757c1000 	C:\Program Files\MATLAB\R2012a\bin\win64\jmi.dll
0x0000000004c40000 - 0x0000000004c4e000 	C:\Program Files\MATLAB\R2012a\bin\win64\nativejava_services.dll
0x0000000064b40000 - 0x0000000064b82000 	C:\Program Files\MATLAB\R2012a\bin\win64\libmwhardcopy.dll
0x0000000062640000 - 0x000000006269a000 	C:\Program Files\MATLAB\R2012a\bin\win64\libuij.dll
0x000000005f840000 - 0x000000005fa4c000 	C:\Program Files\MATLAB\R2012a\bin\win64\hgdatatypes.dll
0x000000005f740000 - 0x000000005f83d000 	C:\Program Files\MATLAB\R2012a\bin\win64\hgutils.dll
0x0000000061ac0000 - 0x0000000061b7d000 	C:\Program Files\MATLAB\R2012a\bin\win64\udd_mi.dll
0x0000000004cb0000 - 0x0000000004ceb000 	C:\Program Files\MATLAB\R2012a\bin\win64\libmwgbtutils.dll
0x0000000004d00000 - 0x0000000004d19000 	C:\Program Files\MATLAB\R2012a\bin\win64\libmwgbt.dll
0x0000000004d30000 - 0x0000000004ffa000 	C:\Program Files\MATLAB\R2012a\bin\win64\uiw.dll
0x000000006b1e0000 - 0x000000006b1ef000 	C:\Program Files\MATLAB\R2012a\bin\win64\uinone.dll
0x000007fef5700000 - 0x000007fef5718000 	C:\Windows\system32\MPR.dll
0x000000005f250000 - 0x000000005f734000 	C:\Windows\WinSxS\amd64_microsoft.vc90.mfc_1fc8b3b9a1e18e3b_9.0.30729.6161_none_044aad0bab1eb146\mfc90.dll
0x000007fefb970000 - 0x000007fefb977000 	C:\Windows\system32\MSIMG32.dll
0x000007fef9a40000 - 0x000007fef9ab1000 	C:\Windows\system32\WINSPOOL.DRV
0x0000000064f60000 - 0x0000000064f80000 	C:\Program Files\MATLAB\R2012a\bin\win64\mwoles05.DLL
0x000000005f1d0000 - 0x000000005f24c000 	C:\Program Files\MATLAB\R2012a\bin\win64\comcli.dll
0x0000000064b10000 - 0x0000000064b3f000 	C:\Windows\WinSxS\amd64_microsoft.vc90.atl_1fc8b3b9a1e18e3b_9.0.30729.6161_none_0a1fd3a3a768b895\ATL90.DLL
0x0000000064fb0000 - 0x0000000064fbc000 	C:\Program Files\MATLAB\R2012a\bin\win64\mlautoregister.dll
0x0000000005050000 - 0x0000000005060000 	C:\Program Files\MATLAB\R2012a\bin\win64\boost_iostreams-vc90-mt-1_44.dll
0x000007fefc050000 - 0x000007fefc0a7000 	C:\Windows\system32\apphelp.dll
0x000007fef5d00000 - 0x000007fef5d51000 	C:\Windows\AppPatch\AppPatch64\AcGenral.DLL
0x000007fefc020000 - 0x000007fefc045000 	C:\Windows\system32\SspiCli.dll
0x0000000070150000 - 0x0000000070153000 	C:\Windows\system32\sfc.dll
0x000007fef7a60000 - 0x000007fef7a70000 	C:\Windows\system32\sfc_os.DLL
0x000007fefb120000 - 0x000007fefb13e000 	C:\Windows\system32\USERENV.dll
0x000007fefc180000 - 0x000007fefc18f000 	C:\Windows\system32\profapi.dll
0x000007fefa6d0000 - 0x000007fefa6e8000 	C:\Windows\system32\dwmapi.dll
0x000007fefc5a0000 - 0x000007fefc5ce000 	C:\Windows\system32\IMM32.DLL
0x000007fefd9d0000 - 0x000007fefdad9000 	C:\Windows\system32\MSCTF.dll
0x000007fefa740000 - 0x000007fefa796000 	C:\Windows\system32\UxTheme.dll
0x0000000064f50000 - 0x0000000064f5d000 	C:\Windows\WinSxS\amd64_microsoft.vc90.mfcloc_1fc8b3b9a1e18e3b_9.0.30729.6161_none_01c9581e60cbee58\MFC90ENU.DLL
0x000007fef7c80000 - 0x000007fef7d09000 	C:\Program Files (x86)\AVG\AVG2015\avghooka.dll
0x0000000005400000 - 0x0000000005429000 	C:\Program Files\MATLAB\R2012a\bin\win64\tbbmalloc.dll
0x0000000078870000 - 0x0000000078ecd000 	C:\Program Files\MATLAB\R2012a\sys\java\jre\win64\jre\bin\server\jvm.dll
0x000007fefa070000 - 0x000007fefa0ab000 	C:\Windows\system32\WINMM.dll
0x000007fefafe0000 - 0x000007fefb007000 	C:\Windows\system32\iphlpapi.dll
0x000007fefafd0000 - 0x000007fefafdb000 	C:\Windows\system32\WINNSI.DLL
0x000007fefb750000 - 0x000007fefb7ab000 	C:\Windows\system32\DNSAPI.dll
0x000007fef9420000 - 0x000007fef9438000 	C:\Windows\system32\dhcpcsvc.DLL
0x000007fef9400000 - 0x000007fef9411000 	C:\Windows\system32\dhcpcsvc6.DLL

VM Arguments:
jvm_args: -Xss512k -XX:PermSize=32m -Xms64m -XX:NewRatio=3 -XX:MaxPermSize=128m -Xmx196m -XX:MaxDirectMemorySize=2147400000 -Dsun.java2d.noddraw=true -Dsun.awt.nopixfmt=true -Xshare:off -Xrs -Dsun.awt.disableMixing=true -Djava.library.path=C:\Program Files\MATLAB\R2012a\bin\win64 vfprintf abort 
java_command: <unknown>
Launcher Type: generic

Environment Variables:
CLASSPATH=.;C:\Program Files (x86)\QuickTime\QTSystem\QTJava.zip
PATH=C:\Program Files\Broadcom\Broadcom 802.11 Network Adapter\Driver;;C:\Program Files\Common Files\Microsoft Shared\Windows Live;C:\Program Files (x86)\Common Files\Microsoft Shared\Windows Live;C:\Program Files (x86)\Intel\iCLS Client\;C:\Program Files\Intel\iCLS Client\;C:\Windows\system32;C:\Windows;C:\Windows\System32\Wbem;C:\Windows\System32\WindowsPowerShell\v1.0\;C:\Program Files\Intel\Intel(R) Management Engine Components\DAL;C:\Program Files\Intel\Intel(R) Management Engine Components\IPT;C:\Program Files (x86)\Intel\Intel(R) Management Engine Components\DAL;C:\Program Files (x86)\Intel\Intel(R) Management Engine Components\IPT;C:\Program Files\Lenovo\Bluetooth Software\;C:\Program Files\Lenovo\Bluetooth Software\syswow64;C:\Program Files\Diskeeper Corporation\ExpressCache\;C:\Program Files\Common Files\Lenovo;C:\Program Files (x86)\Windows Live\Shared;C:\SWTOOLS\ReadyApps;C:\Program Files (x86)\Symantec\VIP Access Client\;C:\Program Files (x86)\Common Files\Lenovo;C:\Program Files\MATLAB\R2012a\runtime\win64;C:\Program Files\MATLAB\R2012a\bin;C:\Program Files\MiKTeX 2.9\miktex\bin\x64\;C:\Program Files (x86)\Git\cmd;C:\Program Files (x86)\Intel\OpenCL SDK\2.0\bin\x86;C:\Program Files (x86)\Intel\OpenCL SDK\2.0\bin\x64;C:\Program Files\Microsoft Windows Performance Toolkit\;C:\Program Files (x86)\QuickTime\QTSystem\;C:\Program Files (x86)\nodejs\;C:\Program Files (x86)\Heroku\bin;C:\Program Files (x86)\git\cmd;C:\Program Files\PostgreSQL\9.3\bin;C:\curl;C:\MinGW\bin;C:\Users\Max Yi Ren\AppData\Roaming\npm
USERNAME=Max Yi Ren
OS=Windows_NT
PROCESSOR_IDENTIFIER=Intel64 Family 6 Model 58 Stepping 9, GenuineIntel



---------------  S Y S T E M  ---------------

OS: Windows 7 Build 7601 Service Pack 1

CPU:total 4 (8 cores per cpu, 2 threads per core) family 6 model 58 stepping 9, cmov, cx8, fxsr, mmx, sse, sse2, sse3, ssse3, sse4.1, sse4.2, ht

Memory: 4k page, physical 8104172k(1085292k free), swap 16206480k(4007836k free)

vm_info: Java HotSpot(TM) 64-Bit Server VM (14.3-b01) for windows-amd64 JRE (1.6.0_17-b04), built on Oct 11 2009 00:46:08 by "java_re" with MS VC++ 8.0

time: Fri Dec 05 11:38:30 2014
elapsed time: 62780 seconds

